{"meta": {"format": 3, "version": "7.13.5", "timestamp": "2026-04-10T01:02:08.752090", "branch_coverage": false, "show_contexts": false}, "files": {"app\\__init__.py": {"executed_lines": [6], "summary": {"covered_lines": 1, "num_statements": 1, "percent_covered": 100.0, "percent_covered_display": "100", "missing_lines": 0, "excluded_lines": 0, "percent_statements_covered": 100.0, "percent_statements_covered_display": "100"}, "missing_lines": [], "excluded_lines": [], "functions": {"": {"executed_lines": [6], "summary": {"covered_lines": 1, "num_statements": 1, "percent_covered": 100.0, "percent_covered_display": "100", "missing_lines": 0, "excluded_lines": 0, "percent_statements_covered": 100.0, "percent_statements_covered_display": "100"}, "missing_lines": [], "excluded_lines": [], "start_line": 1}}, "classes": {"": {"executed_lines": [6], "summary": {"covered_lines": 1, "num_statements": 1, "percent_covered": 100.0, "percent_covered_display": "100", "missing_lines": 0, "excluded_lines": 0, "percent_statements_covered": 100.0, "percent_statements_covered_display": "100"}, "missing_lines": [], "excluded_lines": [], "start_line": 1}}}, "app\\camera\\__init__.py": {"executed_lines": [], "summary": {"covered_lines": 0, "num_statements": 0, "percent_covered": 100.0, "percent_covered_display": "100", "missing_lines": 0, "excluded_lines": 0, "percent_statements_covered": 100.0, "percent_statements_covered_display": "100"}, "missing_lines": [], "excluded_lines": [], "functions": {"": {"executed_lines": [], "summary": {"covered_lines": 0, "num_statements": 0, "percent_covered": 100.0, "percent_covered_display": "100", "missing_lines": 0, "excluded_lines": 0, "percent_statements_covered": 100.0, "percent_statements_covered_display": "100"}, "missing_lines": [], "excluded_lines": [], "start_line": 1}}, "classes": {"": {"executed_lines": [], "summary": {"covered_lines": 0, "num_statements": 0, "percent_covered": 100.0, "percent_covered_display": "100", "missing_lines": 0, "excluded_lines": 0, "percent_statements_covered": 100.0, "percent_statements_covered_display": "100"}, "missing_lines": [], "excluded_lines": [], "start_line": 1}}}, "app\\camera\\base.py": {"executed_lines": [9, 10, 11, 14, 26, 27, 31, 32, 36, 37, 41, 42, 56, 57, 58, 62, 63, 64], "summary": {"covered_lines": 18, "num_statements": 24, "percent_covered": 75.0, "percent_covered_display": "75", "missing_lines": 6, "excluded_lines": 0, "percent_statements_covered": 75.0, "percent_statements_covered_display": "75"}, "missing_lines": [29, 34, 39, 54, 60, 66], "excluded_lines": [], "functions": {"CameraSource.read": {"executed_lines": [], "summary": {"covered_lines": 0, "num_statements": 1, "percent_covered": 0.0, "percent_covered_display": "0", "missing_lines": 1, "excluded_lines": 0, "percent_statements_covered": 0.0, "percent_statements_covered_display": "0"}, "missing_lines": [29], "excluded_lines": [], "start_line": 27}, "CameraSource.release": {"executed_lines": [], "summary": {"covered_lines": 0, "num_statements": 1, "percent_covered": 0.0, "percent_covered_display": "0", "missing_lines": 1, "excluded_lines": 0, "percent_statements_covered": 0.0, "percent_statements_covered_display": "0"}, "missing_lines": [34], "excluded_lines": [], "start_line": 32}, "CameraSource.is_opened": {"executed_lines": [], "summary": {"covered_lines": 0, "num_statements": 1, "percent_covered": 0.0, "percent_covered_display": "0", "missing_lines": 1, "excluded_lines": 0, "percent_statements_covered": 0.0, "percent_statements_covered_display": "0"}, "missing_lines": [39], "excluded_lines": [], "start_line": 37}, "CameraSource.reconnect": {"executed_lines": [], "summary": {"covered_lines": 0, "num_statements": 1, "percent_covered": 0.0, "percent_covered_display": "0", "missing_lines": 1, "excluded_lines": 0, "percent_statements_covered": 0.0, "percent_statements_covered_display": "0"}, "missing_lines": [54], "excluded_lines": [], "start_line": 42}, "CameraSource.frame_width": {"executed_lines": [], "summary": {"covered_lines": 0, "num_statements": 1, "percent_covered": 0.0, "percent_covered_display": "0", "missing_lines": 1, "excluded_lines": 0, "percent_statements_covered": 0.0, "percent_statements_covered_display": "0"}, "missing_lines": [60], "excluded_lines": [], "start_line": 58}, "CameraSource.frame_height": {"executed_lines": [], "summary": {"covered_lines": 0, "num_statements": 1, "percent_covered": 0.0, "percent_covered_display": "0", "missing_lines": 1, "excluded_lines": 0, "percent_statements_covered": 0.0, "percent_statements_covered_display": "0"}, "missing_lines": [66], "excluded_lines": [], "start_line": 64}, "": {"executed_lines": [9, 10, 11, 14, 26, 27, 31, 32, 36, 37, 41, 42, 56, 57, 58, 62, 63, 64], "summary": {"covered_lines": 18, "num_statements": 18, "percent_covered": 100.0, "percent_covered_display": "100", "missing_lines": 0, "excluded_lines": 0, "percent_statements_covered": 100.0, "percent_statements_covered_display": "100"}, "missing_lines": [], "excluded_lines": [], "start_line": 1}}, "classes": {"CameraSource": {"executed_lines": [], "summary": {"covered_lines": 0, "num_statements": 6, "percent_covered": 0.0, "percent_covered_display": "0", "missing_lines": 6, "excluded_lines": 0, "percent_statements_covered": 0.0, "percent_statements_covered_display": "0"}, "missing_lines": [29, 34, 39, 54, 60, 66], "excluded_lines": [], "start_line": 14}, "": {"executed_lines": [9, 10, 11, 14, 26, 27, 31, 32, 36, 37, 41, 42, 56, 57, 58, 62, 63, 64], "summary": {"covered_lines": 18, "num_statements": 18, "percent_covered": 100.0, "percent_covered_display": "100", "missing_lines": 0, "excluded_lines": 0, "percent_statements_covered": 100.0, "percent_statements_covered_display": "100"}, "missing_lines": [], "excluded_lines": [], "start_line": 1}}}, "app\\camera\\rtsp.py": {"executed_lines": [22, 24, 25, 26, 28, 29, 31, 32, 35, 45, 46, 47, 48, 58, 63, 69, 75, 79, 85, 86, 87, 91, 92, 98, 100, 101, 107, 114, 115, 116, 117, 118, 119, 121, 123, 124, 125, 126, 128, 130, 132, 133, 134, 135, 136, 138, 139, 140, 141, 142, 148, 166, 169, 170, 171, 174, 175, 176, 177, 178, 183], "summary": {"covered_lines": 61, "num_statements": 61, "percent_covered": 100.0, "percent_covered_display": "100", "missing_lines": 0, "excluded_lines": 0, "percent_statements_covered": 100.0, "percent_statements_covered_display": "100"}, "missing_lines": [], "excluded_lines": [], "functions": {"RTSPCamera.__init__": {"executed_lines": [46, 47, 48, 58, 63], "summary": {"covered_lines": 5, "num_statements": 5, "percent_covered": 100.0, "percent_covered_display": "100", "missing_lines": 0, "excluded_lines": 0, "percent_statements_covered": 100.0, "percent_statements_covered_display": "100"}, "missing_lines": [], "excluded_lines": [], "start_line": 45}, "RTSPCamera._open": {"executed_lines": [75, 79, 85, 86, 87, 91, 92, 98, 100, 101], "summary": {"covered_lines": 10, "num_statements": 10, "percent_covered": 100.0, "percent_covered_display": "100", "missing_lines": 0, "excluded_lines": 0, "percent_statements_covered": 100.0, "percent_statements_covered_display": "100"}, "missing_lines": [], "excluded_lines": [], "start_line": 69}, "RTSPCamera.read": {"executed_lines": [114, 115, 116, 117, 118, 119], "summary": {"covered_lines": 6, "num_statements": 6, "percent_covered": 100.0, "percent_covered_display": "100", "missing_lines": 0, "excluded_lines": 0, "percent_statements_covered": 100.0, "percent_statements_covered_display": "100"}, "missing_lines": [], "excluded_lines": [], "start_line": 107}, "RTSPCamera.release": {"executed_lines": [123, 124, 125, 126], "summary": {"covered_lines": 4, "num_statements": 4, "percent_covered": 100.0, "percent_covered_display": "100", "missing_lines": 0, "excluded_lines": 0, "percent_statements_covered": 100.0, "percent_statements_covered_display": "100"}, "missing_lines": [], "excluded_lines": [], "start_line": 121}, "RTSPCamera.is_opened": {"executed_lines": [130], "summary": {"covered_lines": 1, "num_statements": 1, "percent_covered": 100.0, "percent_covered_display": "100", "missing_lines": 0, "excluded_lines": 0, "percent_statements_covered": 100.0, "percent_statements_covered_display": "100"}, "missing_lines": [], "excluded_lines": [], "start_line": 128}, "RTSPCamera.frame_width": {"executed_lines": [134, 135, 136], "summary": {"covered_lines": 3, "num_statements": 3, "percent_covered": 100.0, "percent_covered_display": "100", "missing_lines": 0, "excluded_lines": 0, "percent_statements_covered": 100.0, "percent_statements_covered_display": "100"}, "missing_lines": [], "excluded_lines": [], "start_line": 133}, "RTSPCamera.frame_height": {"executed_lines": [140, 141, 142], "summary": {"covered_lines": 3, "num_statements": 3, "percent_covered": 100.0, "percent_covered_display": "100", "missing_lines": 0, "excluded_lines": 0, "percent_statements_covered": 100.0, "percent_statements_covered_display": "100"}, "missing_lines": [], "excluded_lines": [], "start_line": 139}, "RTSPCamera.reconnect": {"executed_lines": [166, 169, 170, 171, 174, 175, 176, 177, 178, 183], "summary": {"covered_lines": 10, "num_statements": 10, "percent_covered": 100.0, "percent_covered_display": "100", "missing_lines": 0, "excluded_lines": 0, "percent_statements_covered": 100.0, "percent_statements_covered_display": "100"}, "missing_lines": [], "excluded_lines": [], "start_line": 148}, "": {"executed_lines": [22, 24, 25, 26, 28, 29, 31, 32, 35, 45, 69, 107, 121, 128, 132, 133, 138, 139, 148], "summary": {"covered_lines": 19, "num_statements": 19, "percent_covered": 100.0, "percent_covered_display": "100", "missing_lines": 0, "excluded_lines": 0, "percent_statements_covered": 100.0, "percent_statements_covered_display": "100"}, "missing_lines": [], "excluded_lines": [], "start_line": 1}}, "classes": {"RTSPCamera": {"executed_lines": [46, 47, 48, 58, 63, 75, 79, 85, 86, 87, 91, 92, 98, 100, 101, 114, 115, 116, 117, 118, 119, 123, 124, 125, 126, 130, 134, 135, 136, 140, 141, 142, 166, 169, 170, 171, 174, 175, 176, 177, 178, 183], "summary": {"covered_lines": 42, "num_statements": 42, "percent_covered": 100.0, "percent_covered_display": "100", "missing_lines": 0, "excluded_lines": 0, "percent_statements_covered": 100.0, "percent_statements_covered_display": "100"}, "missing_lines": [], "excluded_lines": [], "start_line": 35}, "": {"executed_lines": [22, 24, 25, 26, 28, 29, 31, 32, 35, 45, 69, 107, 121, 128, 132, 133, 138, 139, 148], "summary": {"covered_lines": 19, "num_statements": 19, "percent_covered": 100.0, "percent_covered_display": "100", "missing_lines": 0, "excluded_lines": 0, "percent_statements_covered": 100.0, "percent_statements_covered_display": "100"}, "missing_lines": [], "excluded_lines": [], "start_line": 1}}}, "app\\camera\\webcam.py": {"executed_lines": [5, 7, 8, 10, 11, 13, 14, 17, 20, 30, 48, 56, 62, 65, 66, 71, 72, 81], "summary": {"covered_lines": 18, "num_statements": 54, "percent_covered": 33.333333333333336, "percent_covered_display": "33", "missing_lines": 36, "excluded_lines": 0, "percent_statements_covered": 33.333333333333336, "percent_statements_covered_display": "33"}, "missing_lines": [21, 22, 23, 24, 32, 33, 34, 40, 41, 42, 49, 50, 51, 52, 53, 54, 57, 58, 59, 60, 63, 67, 68, 69, 73, 74, 75, 85, 86, 87, 88, 89, 90, 91, 92, 93], "excluded_lines": [], "functions": {"WebcamCamera.__init__": {"executed_lines": [], "summary": {"covered_lines": 0, "num_statements": 4, "percent_covered": 0.0, "percent_covered_display": "0", "missing_lines": 4, "excluded_lines": 0, "percent_statements_covered": 0.0, "percent_statements_covered_display": "0"}, "missing_lines": [21, 22, 23, 24], "excluded_lines": [], "start_line": 20}, "WebcamCamera._open": {"executed_lines": [], "summary": {"covered_lines": 0, "num_statements": 6, "percent_covered": 0.0, "percent_covered_display": "0", "missing_lines": 6, "excluded_lines": 0, "percent_statements_covered": 0.0, "percent_statements_covered_display": "0"}, "missing_lines": [32, 33, 34, 40, 41, 42], "excluded_lines": [], "start_line": 30}, "WebcamCamera.read": {"executed_lines": [], "summary": {"covered_lines": 0, "num_statements": 6, "percent_covered": 0.0, "percent_covered_display": "0", "missing_lines": 6, "excluded_lines": 0, "percent_statements_covered": 0.0, "percent_statements_covered_display": "0"}, "missing_lines": [49, 50, 51, 52, 53, 54], "excluded_lines": [], "start_line": 48}, "WebcamCamera.release": {"executed_lines": [], "summary": {"covered_lines": 0, "num_statements": 4, "percent_covered": 0.0, "percent_covered_display": "0", "missing_lines": 4, "excluded_lines": 0, "percent_statements_covered": 0.0, "percent_statements_covered_display": "0"}, "missing_lines": [57, 58, 59, 60], "excluded_lines": [], "start_line": 56}, "WebcamCamera.is_opened": {"executed_lines": [], "summary": {"covered_lines": 0, "num_statements": 1, "percent_covered": 0.0, "percent_covered_display": "0", "missing_lines": 1, "excluded_lines": 0, "percent_statements_covered": 0.0, "percent_statements_covered_display": "0"}, "missing_lines": [63], "excluded_lines": [], "start_line": 62}, "WebcamCamera.frame_width": {"executed_lines": [], "summary": {"covered_lines": 0, "num_statements": 3, "percent_covered": 0.0, "percent_covered_display": "0", "missing_lines": 3, "excluded_lines": 0, "percent_statements_covered": 0.0, "percent_statements_covered_display": "0"}, "missing_lines": [67, 68, 69], "excluded_lines": [], "start_line": 66}, "WebcamCamera.frame_height": {"executed_lines": [], "summary": {"covered_lines": 0, "num_statements": 3, "percent_covered": 0.0, "percent_covered_display": "0", "missing_lines": 3, "excluded_lines": 0, "percent_statements_covered": 0.0, "percent_statements_covered_display": "0"}, "missing_lines": [73, 74, 75], "excluded_lines": [], "start_line": 72}, "WebcamCamera.reconnect": {"executed_lines": [], "summary": {"covered_lines": 0, "num_statements": 9, "percent_covered": 0.0, "percent_covered_display": "0", "missing_lines": 9, "excluded_lines": 0, "percent_statements_covered": 0.0, "percent_statements_covered_display": "0"}, "missing_lines": [85, 86, 87, 88, 89, 90, 91, 92, 93], "excluded_lines": [], "start_line": 81}, "": {"executed_lines": [5, 7, 8, 10, 11, 13, 14, 17, 20, 30, 48, 56, 62, 65, 66, 71, 72, 81], "summary": {"covered_lines": 18, "num_statements": 18, "percent_covered": 100.0, "percent_covered_display": "100", "missing_lines": 0, "excluded_lines": 0, "percent_statements_covered": 100.0, "percent_statements_covered_display": "100"}, "missing_lines": [], "excluded_lines": [], "start_line": 1}}, "classes": {"WebcamCamera": {"executed_lines": [], "summary": {"covered_lines": 0, "num_statements": 36, "percent_covered": 0.0, "percent_covered_display": "0", "missing_lines": 36, "excluded_lines": 0, "percent_statements_covered": 0.0, "percent_statements_covered_display": "0"}, "missing_lines": [21, 22, 23, 24, 32, 33, 34, 40, 41, 42, 49, 50, 51, 52, 53, 54, 57, 58, 59, 60, 63, 67, 68, 69, 73, 74, 75, 85, 86, 87, 88, 89, 90, 91, 92, 93], "excluded_lines": [], "start_line": 17}, "": {"executed_lines": [5, 7, 8, 10, 11, 13, 14, 17, 20, 30, 48, 56, 62, 65, 66, 71, 72, 81], "summary": {"covered_lines": 18, "num_statements": 18, "percent_covered": 100.0, "percent_covered_display": "100", "missing_lines": 0, "excluded_lines": 0, "percent_statements_covered": 100.0, "percent_statements_covered_display": "100"}, "missing_lines": [], "excluded_lines": [], "start_line": 1}}}, "app\\config.py": {"executed_lines": [7, 8, 11, 13, 16, 18, 19, 20, 24, 26, 27, 28, 35, 37, 38, 39, 46, 48, 49, 50, 59, 60, 61, 62, 63, 64, 70, 76, 79, 87, 88, 89, 91, 92, 98, 99, 105, 106, 111, 112, 113, 119, 122, 126, 129, 132, 136, 137, 138, 144, 150, 151, 152, 153, 156, 157, 158, 159, 160, 161, 162, 168, 169, 175, 181, 182, 184, 185, 187, 188, 190, 191, 193, 197, 200, 206, 212, 213, 214, 215, 216, 222, 225, 228, 231, 238, 239, 241, 242, 243, 244, 245, 246, 247], "summary": {"covered_lines": 94, "num_statements": 105, "percent_covered": 89.52380952380952, "percent_covered_display": "90", "missing_lines": 11, "excluded_lines": 0, "percent_statements_covered": 89.52380952380952, "percent_statements_covered_display": "90"}, "missing_lines": [21, 29, 30, 31, 32, 40, 41, 42, 43, 51, 52], "excluded_lines": [], "functions": {"_env": {"executed_lines": [13], "summary": {"covered_lines": 1, "num_statements": 1, "percent_covered": 100.0, "percent_covered_display": "100", "missing_lines": 0, "excluded_lines": 0, "percent_statements_covered": 100.0, "percent_statements_covered_display": "100"}, "missing_lines": [], "excluded_lines": [], "start_line": 11}, "_env_bool": {"executed_lines": [18, 19, 20], "summary": {"covered_lines": 3, "num_statements": 4, "percent_covered": 75.0, "percent_covered_display": "75", "missing_lines": 1, "excluded_lines": 0, "percent_statements_covered": 75.0, "percent_statements_covered_display": "75"}, "missing_lines": [21], "excluded_lines": [], "start_line": 16}, "_env_int": {"executed_lines": [26, 27, 28], "summary": {"covered_lines": 3, "num_statements": 7, "percent_covered": 42.857142857142854, "percent_covered_display": "43", "missing_lines": 4, "excluded_lines": 0, "percent_statements_covered": 42.857142857142854, "percent_statements_covered_display": "43"}, "missing_lines": [29, 30, 31, 32], "excluded_lines": [], "start_line": 24}, "_env_float": {"executed_lines": [37, 38, 39], "summary": {"covered_lines": 3, "num_statements": 7, "percent_covered": 42.857142857142854, "percent_covered_display": "43", "missing_lines": 4, "excluded_lines": 0, "percent_statements_covered": 42.857142857142854, "percent_statements_covered_display": "43"}, "missing_lines": [40, 41, 42, 43], "excluded_lines": [], "start_line": 35}, "_env_optional": {"executed_lines": [48, 49, 50], "summary": {"covered_lines": 3, "num_statements": 5, "percent_covered": 60.0, "percent_covered_display": "60", "missing_lines": 2, "excluded_lines": 0, "percent_statements_covered": 60.0, "percent_statements_covered_display": "60"}, "missing_lines": [51, 52], "excluded_lines": [], "start_line": 46}, "": {"executed_lines": [7, 8, 11, 16, 24, 35, 46, 59, 60, 61, 62, 63, 64, 70, 76, 79, 87, 88, 89, 91, 92, 98, 99, 105, 106, 111, 112, 113, 119, 122, 126, 129, 132, 136, 137, 138, 144, 150, 151, 152, 153, 156, 157, 158, 159, 160, 161, 162, 168, 169, 175, 181, 182, 184, 185, 187, 188, 190, 191, 193, 197, 200, 206, 212, 213, 214, 215, 216, 222, 225, 228, 231, 238, 239, 241, 242, 243, 244, 245, 246, 247], "summary": {"covered_lines": 81, "num_statements": 81, "percent_covered": 100.0, "percent_covered_display": "100", "missing_lines": 0, "excluded_lines": 0, "percent_statements_covered": 100.0, "percent_statements_covered_display": "100"}, "missing_lines": [], "excluded_lines": [], "start_line": 1}}, "classes": {"": {"executed_lines": [7, 8, 11, 13, 16, 18, 19, 20, 24, 26, 27, 28, 35, 37, 38, 39, 46, 48, 49, 50, 59, 60, 61, 62, 63, 64, 70, 76, 79, 87, 88, 89, 91, 92, 98, 99, 105, 106, 111, 112, 113, 119, 122, 126, 129, 132, 136, 137, 138, 144, 150, 151, 152, 153, 156, 157, 158, 159, 160, 161, 162, 168, 169, 175, 181, 182, 184, 185, 187, 188, 190, 191, 193, 197, 200, 206, 212, 213, 214, 215, 216, 222, 225, 228, 231, 238, 239, 241, 242, 243, 244, 245, 246, 247], "summary": {"covered_lines": 94, "num_statements": 105, "percent_covered": 89.52380952380952, "percent_covered_display": "90", "missing_lines": 11, "excluded_lines": 0, "percent_statements_covered": 89.52380952380952, "percent_statements_covered_display": "90"}, "missing_lines": [21, 29, 30, 31, 32, 40, 41, 42, 43, 51, 52], "excluded_lines": [], "start_line": 1}}}, "app\\core\\__init__.py": {"executed_lines": [], "summary": {"covered_lines": 0, "num_statements": 0, "percent_covered": 100.0, "percent_covered_display": "100", "missing_lines": 0, "excluded_lines": 0, "percent_statements_covered": 100.0, "percent_statements_covered_display": "100"}, "missing_lines": [], "excluded_lines": [], "functions": {"": {"executed_lines": [], "summary": {"covered_lines": 0, "num_statements": 0, "percent_covered": 100.0, "percent_covered_display": "100", "missing_lines": 0, "excluded_lines": 0, "percent_statements_covered": 100.0, "percent_statements_covered_display": "100"}, "missing_lines": [], "excluded_lines": [], "start_line": 1}}, "classes": {"": {"executed_lines": [], "summary": {"covered_lines": 0, "num_statements": 0, "percent_covered": 100.0, "percent_covered_display": "100", "missing_lines": 0, "excluded_lines": 0, "percent_statements_covered": 100.0, "percent_statements_covered_display": "100"}, "missing_lines": [], "excluded_lines": [], "start_line": 1}}}, "app\\core\\event_manager.py": {"executed_lines": [18, 20, 21, 22, 23, 24, 25, 27, 30, 31, 32, 33, 34, 37, 57, 65, 66, 67, 68, 69, 71, 72, 75, 76, 77, 78, 79, 80, 83, 89, 90, 92, 94, 104, 106, 107, 108, 109, 110, 111, 112, 113, 120, 121, 122, 123, 124, 125, 126, 128, 129, 130, 131, 132, 133, 134, 135, 137, 138, 139, 140, 142, 143, 144, 145, 146, 148, 149, 150, 151, 152, 154, 155, 161, 163, 164, 165, 166, 167, 168, 169, 171, 177, 185, 198, 202, 203, 204, 205, 206, 207, 208, 209, 211, 212, 213, 214, 215, 216, 217], "summary": {"covered_lines": 100, "num_statements": 100, "percent_covered": 100.0, "percent_covered_display": "100", "missing_lines": 0, "excluded_lines": 1, "percent_statements_covered": 100.0, "percent_statements_covered_display": "100"}, "missing_lines": [], "excluded_lines": [114], "functions": {"EventManager.__init__": {"executed_lines": [65, 66, 67, 68, 69, 71, 72, 75, 76, 77, 78, 79, 80, 83], "summary": {"covered_lines": 14, "num_statements": 14, "percent_covered": 100.0, "percent_covered_display": "100", "missing_lines": 0, "excluded_lines": 0, "percent_statements_covered": 100.0, "percent_statements_covered_display": "100"}, "missing_lines": [], "excluded_lines": [], "start_line": 57}, "EventManager.state": {"executed_lines": [92], "summary": {"covered_lines": 1, "num_statements": 1, "percent_covered": 100.0, "percent_covered_display": "100", "missing_lines": 0, "excluded_lines": 0, "percent_statements_covered": 100.0, "percent_statements_covered_display": "100"}, "missing_lines": [], "excluded_lines": [], "start_line": 90}, "EventManager.update": {"executed_lines": [104, 106, 107, 108, 109, 110, 111, 112, 113], "summary": {"covered_lines": 9, "num_statements": 9, "percent_covered": 100.0, "percent_covered_display": "100", "missing_lines": 0, "excluded_lines": 1, "percent_statements_covered": 100.0, "percent_statements_covered_display": "100"}, "missing_lines": [], "excluded_lines": [114], "start_line": 94}, "EventManager._handle_idle": {"executed_lines": [121, 122, 123, 124, 125, 126], "summary": {"covered_lines": 6, "num_statements": 6, "percent_covered": 100.0, "percent_covered_display": "100", "missing_lines": 0, "excluded_lines": 0, "percent_statements_covered": 100.0, "percent_statements_covered_display": "100"}, "missing_lines": [], "excluded_lines": [], "start_line": 120}, "EventManager._handle_confirming": {"executed_lines": [129, 130, 131, 132, 133, 134, 135], "summary": {"covered_lines": 7, "num_statements": 7, "percent_covered": 100.0, "percent_covered_display": "100", "missing_lines": 0, "excluded_lines": 0, "percent_statements_covered": 100.0, "percent_statements_covered_display": "100"}, "missing_lines": [], "excluded_lines": [], "start_line": 128}, "EventManager._handle_active": {"executed_lines": [138, 139, 140, 142, 143, 144, 145, 146], "summary": {"covered_lines": 8, "num_statements": 8, "percent_covered": 100.0, "percent_covered_display": "100", "missing_lines": 0, "excluded_lines": 0, "percent_statements_covered": 100.0, "percent_statements_covered_display": "100"}, "missing_lines": [], "excluded_lines": [], "start_line": 137}, "EventManager._handle_cooldown": {"executed_lines": [149, 150, 151, 152, 154, 155], "summary": {"covered_lines": 6, "num_statements": 6, "percent_covered": 100.0, "percent_covered_display": "100", "missing_lines": 0, "excluded_lines": 0, "percent_statements_covered": 100.0, "percent_statements_covered_display": "100"}, "missing_lines": [], "excluded_lines": [], "start_line": 148}, "EventManager._check_confirmation": {"executed_lines": [163, 164, 165, 166, 167, 168, 169], "summary": {"covered_lines": 7, "num_statements": 7, "percent_covered": 100.0, "percent_covered_display": "100", "missing_lines": 0, "excluded_lines": 0, "percent_statements_covered": 100.0, "percent_statements_covered_display": "100"}, "missing_lines": [], "excluded_lines": [], "start_line": 161}, "EventManager._emit_event": {"executed_lines": [177, 185], "summary": {"covered_lines": 2, "num_statements": 2, "percent_covered": 100.0, "percent_covered_display": "100", "missing_lines": 0, "excluded_lines": 0, "percent_statements_covered": 100.0, "percent_statements_covered_display": "100"}, "missing_lines": [], "excluded_lines": [], "start_line": 171}, "EventManager._track_best": {"executed_lines": [202, 203, 204, 205, 206, 207, 208, 209], "summary": {"covered_lines": 8, "num_statements": 8, "percent_covered": 100.0, "percent_covered_display": "100", "missing_lines": 0, "excluded_lines": 0, "percent_statements_covered": 100.0, "percent_statements_covered_display": "100"}, "missing_lines": [], "excluded_lines": [], "start_line": 198}, "EventManager._reset_active_bookkeeping": {"executed_lines": [212, 213, 214, 215, 216, 217], "summary": {"covered_lines": 6, "num_statements": 6, "percent_covered": 100.0, "percent_covered_display": "100", "missing_lines": 0, "excluded_lines": 0, "percent_statements_covered": 100.0, "percent_statements_covered_display": "100"}, "missing_lines": [], "excluded_lines": [], "start_line": 211}, "": {"executed_lines": [18, 20, 21, 22, 23, 24, 25, 27, 30, 31, 32, 33, 34, 37, 57, 89, 90, 94, 120, 128, 137, 148, 161, 171, 198, 211], "summary": {"covered_lines": 26, "num_statements": 26, "percent_covered": 100.0, "percent_covered_display": "100", "missing_lines": 0, "excluded_lines": 0, "percent_statements_covered": 100.0, "percent_statements_covered_display": "100"}, "missing_lines": [], "excluded_lines": [], "start_line": 1}}, "classes": {"_State": {"executed_lines": [], "summary": {"covered_lines": 0, "num_statements": 0, "percent_covered": 100.0, "percent_covered_display": "100", "missing_lines": 0, "excluded_lines": 0, "percent_statements_covered": 100.0, "percent_statements_covered_display": "100"}, "missing_lines": [], "excluded_lines": [], "start_line": 30}, "EventManager": {"executed_lines": [65, 66, 67, 68, 69, 71, 72, 75, 76, 77, 78, 79, 80, 83, 92, 104, 106, 107, 108, 109, 110, 111, 112, 113, 121, 122, 123, 124, 125, 126, 129, 130, 131, 132, 133, 134, 135, 138, 139, 140, 142, 143, 144, 145, 146, 149, 150, 151, 152, 154, 155, 163, 164, 165, 166, 167, 168, 169, 177, 185, 202, 203, 204, 205, 206, 207, 208, 209, 212, 213, 214, 215, 216, 217], "summary": {"covered_lines": 74, "num_statements": 74, "percent_covered": 100.0, "percent_covered_display": "100", "missing_lines": 0, "excluded_lines": 1, "percent_statements_covered": 100.0, "percent_statements_covered_display": "100"}, "missing_lines": [], "excluded_lines": [114], "start_line": 37}, "": {"executed_lines": [18, 20, 21, 22, 23, 24, 25, 27, 30, 31, 32, 33, 34, 37, 57, 89, 90, 94, 120, 128, 137, 148, 161, 171, 198, 211], "summary": {"covered_lines": 26, "num_statements": 26, "percent_covered": 100.0, "percent_covered_display": "100", "missing_lines": 0, "excluded_lines": 0, "percent_statements_covered": 100.0, "percent_statements_covered_display": "100"}, "missing_lines": [], "excluded_lines": [], "start_line": 1}}}, "app\\core\\models.py": {"executed_lines": [6, 8, 9, 10, 12, 19, 20, 23, 24, 25, 26, 28, 29, 30, 32, 33, 34, 36, 37, 38, 40, 41, 42, 44, 46, 48, 50, 54, 55, 65, 66, 69, 70, 71, 78, 79, 82, 83, 84, 91, 92, 111, 112, 113, 114, 115, 116, 117, 119, 120, 122, 124, 125, 127, 128, 129, 130, 131, 132, 135, 137, 138, 140, 147, 148, 154, 155, 156, 163, 164, 175, 176, 177, 178, 179, 180, 181, 188, 189, 221, 222, 223, 224, 225, 226, 227, 228, 229, 230], "summary": {"covered_lines": 89, "num_statements": 93, "percent_covered": 95.6989247311828, "percent_covered_display": "96", "missing_lines": 4, "excluded_lines": 0, "percent_statements_covered": 95.6989247311828, "percent_statements_covered_display": "96"}, "missing_lines": [57, 58, 133, 134], "excluded_lines": [], "functions": {"BoundingBox.width": {"executed_lines": [30], "summary": {"covered_lines": 1, "num_statements": 1, "percent_covered": 100.0, "percent_covered_display": "100", "missing_lines": 0, "excluded_lines": 0, "percent_statements_covered": 100.0, "percent_statements_covered_display": "100"}, "missing_lines": [], "excluded_lines": [], "start_line": 29}, "BoundingBox.height": {"executed_lines": [34], "summary": {"covered_lines": 1, "num_statements": 1, "percent_covered": 100.0, "percent_covered_display": "100", "missing_lines": 0, "excluded_lines": 0, "percent_statements_covered": 100.0, "percent_statements_covered_display": "100"}, "missing_lines": [], "excluded_lines": [], "start_line": 33}, "BoundingBox.area": {"executed_lines": [38], "summary": {"covered_lines": 1, "num_statements": 1, "percent_covered": 100.0, "percent_covered_display": "100", "missing_lines": 0, "excluded_lines": 0, "percent_statements_covered": 100.0, "percent_statements_covered_display": "100"}, "missing_lines": [], "excluded_lines": [], "start_line": 37}, "BoundingBox.center": {"executed_lines": [42], "summary": {"covered_lines": 1, "num_statements": 1, "percent_covered": 100.0, "percent_covered_display": "100", "missing_lines": 0, "excluded_lines": 0, "percent_statements_covered": 100.0, "percent_statements_covered_display": "100"}, "missing_lines": [], "excluded_lines": [], "start_line": 41}, "BoundingBox.as_tuple": {"executed_lines": [46], "summary": {"covered_lines": 1, "num_statements": 1, "percent_covered": 100.0, "percent_covered_display": "100", "missing_lines": 0, "excluded_lines": 0, "percent_statements_covered": 100.0, "percent_statements_covered_display": "100"}, "missing_lines": [], "excluded_lines": [], "start_line": 44}, "BoundingBox.to_json": {"executed_lines": [50], "summary": {"covered_lines": 1, "num_statements": 1, "percent_covered": 100.0, "percent_covered_display": "100", "missing_lines": 0, "excluded_lines": 0, "percent_statements_covered": 100.0, "percent_statements_covered_display": "100"}, "missing_lines": [], "excluded_lines": [], "start_line": 48}, "BoundingBox.from_json": {"executed_lines": [], "summary": {"covered_lines": 0, "num_statements": 2, "percent_covered": 0.0, "percent_covered_display": "0", "missing_lines": 2, "excluded_lines": 0, "percent_statements_covered": 0.0, "percent_statements_covered_display": "0"}, "missing_lines": [57, 58], "excluded_lines": [], "start_line": 55}, "FrameResult.detection_count": {"executed_lines": [122], "summary": {"covered_lines": 1, "num_statements": 1, "percent_covered": 100.0, "percent_covered_display": "100", "missing_lines": 0, "excluded_lines": 0, "percent_statements_covered": 100.0, "percent_statements_covered_display": "100"}, "missing_lines": [], "excluded_lines": [], "start_line": 120}, "FrameResult.primary_recognition": {"executed_lines": [127, 128, 129, 130, 131, 132, 135], "summary": {"covered_lines": 7, "num_statements": 9, "percent_covered": 77.77777777777777, "percent_covered_display": "78", "missing_lines": 2, "excluded_lines": 0, "percent_statements_covered": 77.77777777777777, "percent_statements_covered_display": "78"}, "missing_lines": [133, 134], "excluded_lines": [], "start_line": 125}, "FrameResult.recognition": {"executed_lines": [140], "summary": {"covered_lines": 1, "num_statements": 1, "percent_covered": 100.0, "percent_covered_display": "100", "missing_lines": 0, "excluded_lines": 0, "percent_statements_covered": 100.0, "percent_statements_covered_display": "100"}, "missing_lines": [], "excluded_lines": [], "start_line": 138}, "": {"executed_lines": [6, 8, 9, 10, 12, 19, 20, 23, 24, 25, 26, 28, 29, 32, 33, 36, 37, 40, 41, 44, 48, 54, 55, 65, 66, 69, 70, 71, 78, 79, 82, 83, 84, 91, 92, 111, 112, 113, 114, 115, 116, 117, 119, 120, 124, 125, 137, 138, 147, 148, 154, 155, 156, 163, 164, 175, 176, 177, 178, 179, 180, 181, 188, 189, 221, 222, 223, 224, 225, 226, 227, 228, 229, 230], "summary": {"covered_lines": 74, "num_statements": 74, "percent_covered": 100.0, "percent_covered_display": "100", "missing_lines": 0, "excluded_lines": 0, "percent_statements_covered": 100.0, "percent_statements_covered_display": "100"}, "missing_lines": [], "excluded_lines": [], "start_line": 1}}, "classes": {"BoundingBox": {"executed_lines": [30, 34, 38, 42, 46, 50], "summary": {"covered_lines": 6, "num_statements": 8, "percent_covered": 75.0, "percent_covered_display": "75", "missing_lines": 2, "excluded_lines": 0, "percent_statements_covered": 75.0, "percent_statements_covered_display": "75"}, "missing_lines": [57, 58], "excluded_lines": [], "start_line": 20}, "Detection": {"executed_lines": [], "summary": {"covered_lines": 0, "num_statements": 0, "percent_covered": 100.0, "percent_covered_display": "100", "missing_lines": 0, "excluded_lines": 0, "percent_statements_covered": 100.0, "percent_statements_covered_display": "100"}, "missing_lines": [], "excluded_lines": [], "start_line": 66}, "RecognitionResult": {"executed_lines": [], "summary": {"covered_lines": 0, "num_statements": 0, "percent_covered": 100.0, "percent_covered_display": "100", "missing_lines": 0, "excluded_lines": 0, "percent_statements_covered": 100.0, "percent_statements_covered_display": "100"}, "missing_lines": [], "excluded_lines": [], "start_line": 79}, "FrameResult": {"executed_lines": [122, 127, 128, 129, 130, 131, 132, 135, 140], "summary": {"covered_lines": 9, "num_statements": 11, "percent_covered": 81.81818181818181, "percent_covered_display": "82", "missing_lines": 2, "excluded_lines": 0, "percent_statements_covered": 81.81818181818181, "percent_statements_covered_display": "82"}, "missing_lines": [133, 134], "excluded_lines": [], "start_line": 92}, "EnrolledPerson": {"executed_lines": [], "summary": {"covered_lines": 0, "num_statements": 0, "percent_covered": 100.0, "percent_covered_display": "100", "missing_lines": 0, "excluded_lines": 0, "percent_statements_covered": 100.0, "percent_statements_covered_display": "100"}, "missing_lines": [], "excluded_lines": [], "start_line": 148}, "Observation": {"executed_lines": [], "summary": {"covered_lines": 0, "num_statements": 0, "percent_covered": 100.0, "percent_covered_display": "100", "missing_lines": 0, "excluded_lines": 0, "percent_statements_covered": 100.0, "percent_statements_covered_display": "100"}, "missing_lines": [], "excluded_lines": [], "start_line": 164}, "Event": {"executed_lines": [], "summary": {"covered_lines": 0, "num_statements": 0, "percent_covered": 100.0, "percent_covered_display": "100", "missing_lines": 0, "excluded_lines": 0, "percent_statements_covered": 100.0, "percent_statements_covered_display": "100"}, "missing_lines": [], "excluded_lines": [], "start_line": 189}, "": {"executed_lines": [6, 8, 9, 10, 12, 19, 20, 23, 24, 25, 26, 28, 29, 32, 33, 36, 37, 40, 41, 44, 48, 54, 55, 65, 66, 69, 70, 71, 78, 79, 82, 83, 84, 91, 92, 111, 112, 113, 114, 115, 116, 117, 119, 120, 124, 125, 137, 138, 147, 148, 154, 155, 156, 163, 164, 175, 176, 177, 178, 179, 180, 181, 188, 189, 221, 222, 223, 224, 225, 226, 227, 228, 229, 230], "summary": {"covered_lines": 74, "num_statements": 74, "percent_covered": 100.0, "percent_covered_display": "100", "missing_lines": 0, "excluded_lines": 0, "percent_statements_covered": 100.0, "percent_statements_covered_display": "100"}, "missing_lines": [], "excluded_lines": [], "start_line": 1}}}, "app\\core\\multi_event_manager.py": {"executed_lines": [25, 27, 28, 29, 31, 32, 33, 34, 37, 38, 41, 42, 43, 44, 47, 72, 78, 79, 84, 89, 90, 91, 96, 104, 105, 107, 109, 111, 113, 128, 131, 134, 135, 136, 137, 139, 140, 141, 142, 145, 146, 147, 148, 152, 153, 154, 155, 156, 161, 162, 163, 164, 165, 166, 169, 170, 171, 172, 173, 178, 179, 183, 185, 191, 204, 205, 208, 209, 210, 211, 216, 219, 220, 222, 223, 224, 226, 227, 228, 229, 230, 231, 232, 234, 235, 236, 239, 243, 249, 250, 251, 252, 254, 256, 260, 261, 262, 269, 271, 273, 276, 278], "summary": {"covered_lines": 102, "num_statements": 105, "percent_covered": 97.14285714285714, "percent_covered_display": "97", "missing_lines": 3, "excluded_lines": 0, "percent_statements_covered": 97.14285714285714, "percent_statements_covered_display": "97"}, "missing_lines": [180, 213, 272], "excluded_lines": [], "functions": {"MultiEntityEventManager.__init__": {"executed_lines": [78, 79, 84, 89, 90, 91, 96], "summary": {"covered_lines": 7, "num_statements": 7, "percent_covered": 100.0, "percent_covered_display": "100", "missing_lines": 0, "excluded_lines": 0, "percent_statements_covered": 100.0, "percent_statements_covered_display": "100"}, "missing_lines": [], "excluded_lines": [], "start_line": 72}, "MultiEntityEventManager.active_tracks": {"executed_lines": [107], "summary": {"covered_lines": 1, "num_statements": 1, "percent_covered": 100.0, "percent_covered_display": "100", "missing_lines": 0, "excluded_lines": 0, "percent_statements_covered": 100.0, "percent_statements_covered_display": "100"}, "missing_lines": [], "excluded_lines": [], "start_line": 105}, "MultiEntityEventManager.track_states": {"executed_lines": [111], "summary": {"covered_lines": 1, "num_statements": 1, "percent_covered": 100.0, "percent_covered_display": "100", "missing_lines": 0, "excluded_lines": 0, "percent_statements_covered": 100.0, "percent_statements_covered_display": "100"}, "missing_lines": [], "excluded_lines": [], "start_line": 109}, "MultiEntityEventManager.update": {"executed_lines": [128, 131, 134, 135, 136, 137, 139, 140, 141, 142, 145, 146, 147, 148, 152, 153, 154, 155, 156, 161, 162, 163, 164, 165, 166, 169, 170, 171, 172, 173, 178, 179, 183, 185], "summary": {"covered_lines": 34, "num_statements": 35, "percent_covered": 97.14285714285714, "percent_covered_display": "97", "missing_lines": 1, "excluded_lines": 0, "percent_statements_covered": 97.14285714285714, "percent_statements_covered_display": "97"}, "missing_lines": [180], "excluded_lines": [], "start_line": 113}, "MultiEntityEventManager._associate": {"executed_lines": [204, 205, 208, 209, 210, 211, 216, 219, 220, 222, 223, 224, 226, 227, 228, 229, 230, 231, 232, 234, 235, 236, 239, 243], "summary": {"covered_lines": 24, "num_statements": 25, "percent_covered": 96.0, "percent_covered_display": "96", "missing_lines": 1, "excluded_lines": 0, "percent_statements_covered": 96.0, "percent_statements_covered_display": "96"}, "missing_lines": [213], "excluded_lines": [], "start_line": 191}, "MultiEntityEventManager._make_track_key": {"executed_lines": [250, 251, 252], "summary": {"covered_lines": 3, "num_statements": 3, "percent_covered": 100.0, "percent_covered_display": "100", "missing_lines": 0, "excluded_lines": 0, "percent_statements_covered": 100.0, "percent_statements_covered_display": "100"}, "missing_lines": [], "excluded_lines": [], "start_line": 249}, "MultiEntityEventManager._prune_stale": {"executed_lines": [256, 260, 261, 262], "summary": {"covered_lines": 4, "num_statements": 4, "percent_covered": 100.0, "percent_covered_display": "100", "missing_lines": 0, "excluded_lines": 0, "percent_statements_covered": 100.0, "percent_statements_covered_display": "100"}, "missing_lines": [], "excluded_lines": [], "start_line": 254}, "_bbox_centroid": {"executed_lines": [271, 273], "summary": {"covered_lines": 2, "num_statements": 3, "percent_covered": 66.66666666666667, "percent_covered_display": "67", "missing_lines": 1, "excluded_lines": 0, "percent_statements_covered": 66.66666666666667, "percent_statements_covered_display": "67"}, "missing_lines": [272], "excluded_lines": [], "start_line": 269}, "_euclidean": {"executed_lines": [278], "summary": {"covered_lines": 1, "num_statements": 1, "percent_covered": 100.0, "percent_covered_display": "100", "missing_lines": 0, "excluded_lines": 0, "percent_statements_covered": 100.0, "percent_statements_covered_display": "100"}, "missing_lines": [], "excluded_lines": [], "start_line": 276}, "": {"executed_lines": [25, 27, 28, 29, 31, 32, 33, 34, 37, 38, 41, 42, 43, 44, 47, 72, 104, 105, 109, 113, 191, 249, 254, 269, 276], "summary": {"covered_lines": 25, "num_statements": 25, "percent_covered": 100.0, "percent_covered_display": "100", "missing_lines": 0, "excluded_lines": 0, "percent_statements_covered": 100.0, "percent_statements_covered_display": "100"}, "missing_lines": [], "excluded_lines": [], "start_line": 1}}, "classes": {"_TrackedEntity": {"executed_lines": [], "summary": {"covered_lines": 0, "num_statements": 0, "percent_covered": 100.0, "percent_covered_display": "100", "missing_lines": 0, "excluded_lines": 0, "percent_statements_covered": 100.0, "percent_statements_covered_display": "100"}, "missing_lines": [], "excluded_lines": [], "start_line": 38}, "MultiEntityEventManager": {"executed_lines": [78, 79, 84, 89, 90, 91, 96, 107, 111, 128, 131, 134, 135, 136, 137, 139, 140, 141, 142, 145, 146, 147, 148, 152, 153, 154, 155, 156, 161, 162, 163, 164, 165, 166, 169, 170, 171, 172, 173, 178, 179, 183, 185, 204, 205, 208, 209, 210, 211, 216, 219, 220, 222, 223, 224, 226, 227, 228, 229, 230, 231, 232, 234, 235, 236, 239, 243, 250, 251, 252, 256, 260, 261, 262], "summary": {"covered_lines": 74, "num_statements": 76, "percent_covered": 97.36842105263158, "percent_covered_display": "97", "missing_lines": 2, "excluded_lines": 0, "percent_statements_covered": 97.36842105263158, "percent_statements_covered_display": "97"}, "missing_lines": [180, 213], "excluded_lines": [], "start_line": 47}, "": {"executed_lines": [25, 27, 28, 29, 31, 32, 33, 34, 37, 38, 41, 42, 43, 44, 47, 72, 104, 105, 109, 113, 191, 249, 254, 269, 271, 273, 276, 278], "summary": {"covered_lines": 28, "num_statements": 29, "percent_covered": 96.55172413793103, "percent_covered_display": "97", "missing_lines": 1, "excluded_lines": 0, "percent_statements_covered": 96.55172413793103, "percent_statements_covered_display": "97"}, "missing_lines": [272], "excluded_lines": [], "start_line": 1}}}, "app\\db\\__init__.py": {"executed_lines": [], "summary": {"covered_lines": 0, "num_statements": 0, "percent_covered": 100.0, "percent_covered_display": "100", "missing_lines": 0, "excluded_lines": 0, "percent_statements_covered": 100.0, "percent_statements_covered_display": "100"}, "missing_lines": [], "excluded_lines": [], "functions": {"": {"executed_lines": [], "summary": {"covered_lines": 0, "num_statements": 0, "percent_covered": 100.0, "percent_covered_display": "100", "missing_lines": 0, "excluded_lines": 0, "percent_statements_covered": 100.0, "percent_statements_covered_display": "100"}, "missing_lines": [], "excluded_lines": [], "start_line": 1}}, "classes": {"": {"executed_lines": [], "summary": {"covered_lines": 0, "num_statements": 0, "percent_covered": 100.0, "percent_covered_display": "100", "missing_lines": 0, "excluded_lines": 0, "percent_statements_covered": 100.0, "percent_statements_covered_display": "100"}, "missing_lines": [], "excluded_lines": [], "start_line": 1}}}, "app\\db\\migrations.py": {"executed_lines": [11, 13, 14, 16, 18, 19, 21, 24, 37, 38, 40, 48, 68, 71, 73, 76, 79, 80, 83, 86, 87, 88, 91, 94, 97, 100, 102, 103, 106, 116, 124, 125, 127, 133, 135, 136, 138, 139, 140, 141, 142, 145, 147, 148, 150, 151, 152, 153, 156, 171, 173, 174, 175, 178, 179, 181, 182, 187, 189, 190, 192, 197, 199], "summary": {"covered_lines": 63, "num_statements": 72, "percent_covered": 87.5, "percent_covered_display": "88", "missing_lines": 9, "excluded_lines": 0, "percent_statements_covered": 87.5, "percent_statements_covered_display": "88"}, "missing_lines": [41, 42, 44, 45, 113, 128, 129, 130, 176], "excluded_lines": [], "functions": {"_migrate_events_table": {"executed_lines": [37, 38, 40], "summary": {"covered_lines": 3, "num_statements": 7, "percent_covered": 42.857142857142854, "percent_covered_display": "43", "missing_lines": 4, "excluded_lines": 0, "percent_statements_covered": 42.857142857142854, "percent_statements_covered_display": "43"}, "missing_lines": [41, 42, 44, 45], "excluded_lines": [], "start_line": 24}, "init_db": {"executed_lines": [68, 71, 73, 76, 79, 80, 83, 86, 87, 88, 91, 94, 97, 100, 102, 103], "summary": {"covered_lines": 16, "num_statements": 16, "percent_covered": 100.0, "percent_covered_display": "100", "missing_lines": 0, "excluded_lines": 0, "percent_statements_covered": 100.0, "percent_statements_covered_display": "100"}, "missing_lines": [], "excluded_lines": [], "start_line": 48}, "run_migrations": {"executed_lines": [], "summary": {"covered_lines": 0, "num_statements": 1, "percent_covered": 0.0, "percent_covered_display": "0", "missing_lines": 1, "excluded_lines": 0, "percent_statements_covered": 0.0, "percent_statements_covered_display": "0"}, "missing_lines": [113], "excluded_lines": [], "start_line": 106}, "_migrate_events_add_track_key": {"executed_lines": [124, 125, 127], "summary": {"covered_lines": 3, "num_statements": 6, "percent_covered": 50.0, "percent_covered_display": "50", "missing_lines": 3, "excluded_lines": 0, "percent_statements_covered": 50.0, "percent_statements_covered_display": "50"}, "missing_lines": [128, 129, 130], "excluded_lines": [], "start_line": 116}, "_migrate_alerts_add_status": {"executed_lines": [135, 136, 138, 139, 140, 141, 142], "summary": {"covered_lines": 7, "num_statements": 7, "percent_covered": 100.0, "percent_covered_display": "100", "missing_lines": 0, "excluded_lines": 0, "percent_statements_covered": 100.0, "percent_statements_covered_display": "100"}, "missing_lines": [], "excluded_lines": [], "start_line": 133}, "_migrate_admin_users_add_role": {"executed_lines": [147, 148, 150, 151, 152, 153], "summary": {"covered_lines": 6, "num_statements": 6, "percent_covered": 100.0, "percent_covered_display": "100", "missing_lines": 0, "excluded_lines": 0, "percent_statements_covered": 100.0, "percent_statements_covered_display": "100"}, "missing_lines": [], "excluded_lines": [], "start_line": 145}, "_bootstrap_default_admin": {"executed_lines": [171, 173, 174, 175, 178, 179, 181, 182, 187, 189, 190, 192, 197, 199], "summary": {"covered_lines": 14, "num_statements": 15, "percent_covered": 93.33333333333333, "percent_covered_display": "93", "missing_lines": 1, "excluded_lines": 0, "percent_statements_covered": 93.33333333333333, "percent_statements_covered_display": "93"}, "missing_lines": [176], "excluded_lines": [], "start_line": 156}, "": {"executed_lines": [11, 13, 14, 16, 18, 19, 21, 24, 48, 106, 116, 133, 145, 156], "summary": {"covered_lines": 14, "num_statements": 14, "percent_covered": 100.0, "percent_covered_display": "100", "missing_lines": 0, "excluded_lines": 0, "percent_statements_covered": 100.0, "percent_statements_covered_display": "100"}, "missing_lines": [], "excluded_lines": [], "start_line": 1}}, "classes": {"": {"executed_lines": [11, 13, 14, 16, 18, 19, 21, 24, 37, 38, 40, 48, 68, 71, 73, 76, 79, 80, 83, 86, 87, 88, 91, 94, 97, 100, 102, 103, 106, 116, 124, 125, 127, 133, 135, 136, 138, 139, 140, 141, 142, 145, 147, 148, 150, 151, 152, 153, 156, 171, 173, 174, 175, 178, 179, 181, 182, 187, 189, 190, 192, 197, 199], "summary": {"covered_lines": 63, "num_statements": 72, "percent_covered": 87.5, "percent_covered_display": "88", "missing_lines": 9, "excluded_lines": 0, "percent_statements_covered": 87.5, "percent_statements_covered_display": "88"}, "missing_lines": [41, 42, 44, 45, 113, 128, 129, 130, 176], "excluded_lines": [], "start_line": 1}}}, "app\\db\\repo.py": {"executed_lines": [7, 9, 10, 11, 12, 14, 16, 17, 18, 25, 28, 29, 30, 32, 34, 36, 38, 39, 40, 41, 43, 45, 46, 47, 48, 49, 51, 53, 58, 59, 60, 62, 64, 65, 66, 68, 70, 71, 78, 93, 94, 95, 99, 101, 105, 106, 107, 108, 109, 110, 112, 114, 119, 120, 122, 124, 129, 130, 132, 138, 146, 147, 159, 171, 172, 173, 175, 180, 182, 183, 184, 186, 188, 189, 191, 195, 196, 198, 200, 203, 204, 208, 216, 218, 219, 221, 222, 224, 228, 234, 235, 236, 237, 243, 253, 266, 267, 268, 272, 274, 280, 281, 282, 283, 284, 285, 290, 292, 294, 298, 302, 309, 310, 312, 314, 315, 323, 324, 325, 327, 333, 334, 339, 341, 345, 346, 353, 360, 361, 362, 369, 378, 379, 380, 382, 384, 402, 403, 411, 426, 427, 436, 444, 445, 446, 460, 462, 464, 468, 469, 471, 480, 482, 489, 490, 492, 505, 515, 534, 542, 543, 545, 552, 557, 558, 561, 562, 564, 574, 589, 595, 605, 610, 611, 613, 623, 650, 660, 665], "summary": {"covered_lines": 179, "num_statements": 231, "percent_covered": 77.4891774891775, "percent_covered_display": "77", "missing_lines": 52, "excluded_lines": 0, "percent_statements_covered": 77.4891774891775, "percent_statements_covered_display": "77"}, "missing_lines": [210, 211, 225, 226, 229, 232, 238, 242, 244, 245, 246, 286, 287, 473, 477, 478, 491, 507, 508, 512, 513, 517, 518, 519, 524, 528, 559, 566, 567, 572, 576, 579, 591, 592, 593, 597, 598, 615, 616, 621, 625, 626, 632, 638, 652, 653, 657, 658, 662, 663, 667, 671], "excluded_lines": [], "functions": {"InMemoryPersonRepository.__init__": {"executed_lines": [29, 30], "summary": {"covered_lines": 2, "num_statements": 2, "percent_covered": 100.0, "percent_covered_display": "100", "missing_lines": 0, "excluded_lines": 0, "percent_statements_covered": 100.0, "percent_statements_covered_display": "100"}, "missing_lines": [], "excluded_lines": [], "start_line": 28}, "InMemoryPersonRepository.get_all": {"executed_lines": [34], "summary": {"covered_lines": 1, "num_statements": 1, "percent_covered": 100.0, "percent_covered_display": "100", "missing_lines": 0, "excluded_lines": 0, "percent_statements_covered": 100.0, "percent_statements_covered_display": "100"}, "missing_lines": [], "excluded_lines": [], "start_line": 32}, "InMemoryPersonRepository.get_by_id": {"executed_lines": [38, 39, 40, 41], "summary": {"covered_lines": 4, "num_statements": 4, "percent_covered": 100.0, "percent_covered_display": "100", "missing_lines": 0, "excluded_lines": 0, "percent_statements_covered": 100.0, "percent_statements_covered_display": "100"}, "missing_lines": [], "excluded_lines": [], "start_line": 36}, "InMemoryPersonRepository.get_by_name": {"executed_lines": [45, 46, 47, 48, 49], "summary": {"covered_lines": 5, "num_statements": 5, "percent_covered": 100.0, "percent_covered_display": "100", "missing_lines": 0, "excluded_lines": 0, "percent_statements_covered": 100.0, "percent_statements_covered_display": "100"}, "missing_lines": [], "excluded_lines": [], "start_line": 43}, "InMemoryPersonRepository.add_person": {"executed_lines": [53, 58, 59, 60], "summary": {"covered_lines": 4, "num_statements": 4, "percent_covered": 100.0, "percent_covered_display": "100", "missing_lines": 0, "excluded_lines": 0, "percent_statements_covered": 100.0, "percent_statements_covered_display": "100"}, "missing_lines": [], "excluded_lines": [], "start_line": 51}, "InMemoryPersonRepository.delete_person": {"executed_lines": [64, 65, 66], "summary": {"covered_lines": 3, "num_statements": 3, "percent_covered": 100.0, "percent_covered_display": "100", "missing_lines": 0, "excluded_lines": 0, "percent_statements_covered": 100.0, "percent_statements_covered_display": "100"}, "missing_lines": [], "excluded_lines": [], "start_line": 62}, "InMemoryPersonRepository.clear": {"executed_lines": [70, 71], "summary": {"covered_lines": 2, "num_statements": 2, "percent_covered": 100.0, "percent_covered_display": "100", "missing_lines": 0, "excluded_lines": 0, "percent_statements_covered": 100.0, "percent_statements_covered_display": "100"}, "missing_lines": [], "excluded_lines": [], "start_line": 68}, "SQLitePersonRepository.__init__": {"executed_lines": [94, 95], "summary": {"covered_lines": 2, "num_statements": 2, "percent_covered": 100.0, "percent_covered_display": "100", "missing_lines": 0, "excluded_lines": 0, "percent_statements_covered": 100.0, "percent_statements_covered_display": "100"}, "missing_lines": [], "excluded_lines": [], "start_line": 93}, "SQLitePersonRepository.get_all": {"executed_lines": [101, 105, 106, 107, 108, 109, 110], "summary": {"covered_lines": 7, "num_statements": 7, "percent_covered": 100.0, "percent_covered_display": "100", "missing_lines": 0, "excluded_lines": 0, "percent_statements_covered": 100.0, "percent_statements_covered_display": "100"}, "missing_lines": [], "excluded_lines": [], "start_line": 99}, "SQLitePersonRepository.get_by_id": {"executed_lines": [114, 119, 120], "summary": {"covered_lines": 3, "num_statements": 3, "percent_covered": 100.0, "percent_covered_display": "100", "missing_lines": 0, "excluded_lines": 0, "percent_statements_covered": 100.0, "percent_statements_covered_display": "100"}, "missing_lines": [], "excluded_lines": [], "start_line": 112}, "SQLitePersonRepository.get_by_name": {"executed_lines": [124, 129, 130], "summary": {"covered_lines": 3, "num_statements": 3, "percent_covered": 100.0, "percent_covered_display": "100", "missing_lines": 0, "excluded_lines": 0, "percent_statements_covered": 100.0, "percent_statements_covered_display": "100"}, "missing_lines": [], "excluded_lines": [], "start_line": 122}, "SQLitePersonRepository.list_person_summaries": {"executed_lines": [138, 146, 147], "summary": {"covered_lines": 3, "num_statements": 3, "percent_covered": 100.0, "percent_covered_display": "100", "missing_lines": 0, "excluded_lines": 0, "percent_statements_covered": 100.0, "percent_statements_covered_display": "100"}, "missing_lines": [], "excluded_lines": [], "start_line": 132}, "SQLitePersonRepository.add_person": {"executed_lines": [171, 172, 173, 175, 180, 182, 183, 184], "summary": {"covered_lines": 8, "num_statements": 8, "percent_covered": 100.0, "percent_covered_display": "100", "missing_lines": 0, "excluded_lines": 0, "percent_statements_covered": 100.0, "percent_statements_covered_display": "100"}, "missing_lines": [], "excluded_lines": [], "start_line": 159}, "SQLitePersonRepository.update_embedding": {"executed_lines": [188, 189, 191, 195, 196], "summary": {"covered_lines": 5, "num_statements": 5, "percent_covered": 100.0, "percent_covered_display": "100", "missing_lines": 0, "excluded_lines": 0, "percent_statements_covered": 100.0, "percent_statements_covered_display": "100"}, "missing_lines": [], "excluded_lines": [], "start_line": 186}, "SQLitePersonRepository.delete_person": {"executed_lines": [200, 203, 204], "summary": {"covered_lines": 3, "num_statements": 3, "percent_covered": 100.0, "percent_covered_display": "100", "missing_lines": 0, "excluded_lines": 0, "percent_statements_covered": 100.0, "percent_statements_covered_display": "100"}, "missing_lines": [], "excluded_lines": [], "start_line": 198}, "SQLitePersonRepository.count_persons": {"executed_lines": [], "summary": {"covered_lines": 0, "num_statements": 2, "percent_covered": 0.0, "percent_covered_display": "0", "missing_lines": 2, "excluded_lines": 0, "percent_statements_covered": 0.0, "percent_statements_covered_display": "0"}, "missing_lines": [210, 211], "excluded_lines": [], "start_line": 208}, "SQLitePersonRepository._row_to_person": {"executed_lines": [221, 222, 224, 228, 234, 235, 236, 237, 243], "summary": {"covered_lines": 9, "num_statements": 18, "percent_covered": 50.0, "percent_covered_display": "50", "missing_lines": 9, "excluded_lines": 0, "percent_statements_covered": 50.0, "percent_statements_covered_display": "50"}, "missing_lines": [225, 226, 229, 232, 238, 242, 244, 245, 246], "excluded_lines": [], "start_line": 219}, "SQLiteEmbeddingRepository.__init__": {"executed_lines": [267, 268], "summary": {"covered_lines": 2, "num_statements": 2, "percent_covered": 100.0, "percent_covered_display": "100", "missing_lines": 0, "excluded_lines": 0, "percent_statements_covered": 100.0, "percent_statements_covered_display": "100"}, "missing_lines": [], "excluded_lines": [], "start_line": 266}, "SQLiteEmbeddingRepository.get_embeddings": {"executed_lines": [274, 280, 281, 282, 283, 284, 285, 290], "summary": {"covered_lines": 8, "num_statements": 10, "percent_covered": 80.0, "percent_covered_display": "80", "missing_lines": 2, "excluded_lines": 0, "percent_statements_covered": 80.0, "percent_statements_covered_display": "80"}, "missing_lines": [286, 287], "excluded_lines": [], "start_line": 272}, "SQLiteEmbeddingRepository.count_embeddings": {"executed_lines": [294, 298], "summary": {"covered_lines": 2, "num_statements": 2, "percent_covered": 100.0, "percent_covered_display": "100", "missing_lines": 0, "excluded_lines": 0, "percent_statements_covered": 100.0, "percent_statements_covered_display": "100"}, "missing_lines": [], "excluded_lines": [], "start_line": 292}, "SQLiteEmbeddingRepository.add_embedding": {"executed_lines": [309, 310, 312, 314, 315, 323, 324, 325, 327, 333, 334], "summary": {"covered_lines": 11, "num_statements": 11, "percent_covered": 100.0, "percent_covered_display": "100", "missing_lines": 0, "excluded_lines": 0, "percent_statements_covered": 100.0, "percent_statements_covered_display": "100"}, "missing_lines": [], "excluded_lines": [], "start_line": 302}, "SQLiteEmbeddingRepository.delete_embeddings": {"executed_lines": [341, 345, 346], "summary": {"covered_lines": 3, "num_statements": 3, "percent_covered": 100.0, "percent_covered_display": "100", "missing_lines": 0, "excluded_lines": 0, "percent_statements_covered": 100.0, "percent_statements_covered_display": "100"}, "missing_lines": [], "excluded_lines": [], "start_line": 339}, "make_enrolled_provider": {"executed_lines": [360, 362], "summary": {"covered_lines": 2, "num_statements": 2, "percent_covered": 100.0, "percent_covered_display": "100", "missing_lines": 0, "excluded_lines": 0, "percent_statements_covered": 100.0, "percent_statements_covered_display": "100"}, "missing_lines": [], "excluded_lines": [], "start_line": 353}, "make_enrolled_provider._provider": {"executed_lines": [361], "summary": {"covered_lines": 1, "num_statements": 1, "percent_covered": 100.0, "percent_covered_display": "100", "missing_lines": 0, "excluded_lines": 0, "percent_statements_covered": 100.0, "percent_statements_covered_display": "100"}, "missing_lines": [], "excluded_lines": [], "start_line": 360}, "SQLiteEventRepository.__init__": {"executed_lines": [379, 380], "summary": {"covered_lines": 2, "num_statements": 2, "percent_covered": 100.0, "percent_covered_display": "100", "missing_lines": 0, "excluded_lines": 0, "percent_statements_covered": 100.0, "percent_statements_covered_display": "100"}, "missing_lines": [], "excluded_lines": [], "start_line": 378}, "SQLiteEventRepository.add_event": {"executed_lines": [384, 402, 403], "summary": {"covered_lines": 3, "num_statements": 3, "percent_covered": 100.0, "percent_covered_display": "100", "missing_lines": 0, "excluded_lines": 0, "percent_statements_covered": 100.0, "percent_statements_covered_display": "100"}, "missing_lines": [], "excluded_lines": [], "start_line": 382}, "SQLiteEventRepository.list_events": {"executed_lines": [426, 427, 436, 444, 445, 446, 460], "summary": {"covered_lines": 7, "num_statements": 7, "percent_covered": 100.0, "percent_covered_display": "100", "missing_lines": 0, "excluded_lines": 0, "percent_statements_covered": 100.0, "percent_statements_covered_display": "100"}, "missing_lines": [], "excluded_lines": [], "start_line": 411}, "SQLiteEventRepository.update_event_snapshot": {"executed_lines": [464, 468, 469], "summary": {"covered_lines": 3, "num_statements": 3, "percent_covered": 100.0, "percent_covered_display": "100", "missing_lines": 0, "excluded_lines": 0, "percent_statements_covered": 100.0, "percent_statements_covered_display": "100"}, "missing_lines": [], "excluded_lines": [], "start_line": 462}, "SQLiteEventRepository.update_event_clip": {"executed_lines": [], "summary": {"covered_lines": 0, "num_statements": 3, "percent_covered": 0.0, "percent_covered_display": "0", "missing_lines": 3, "excluded_lines": 0, "percent_statements_covered": 0.0, "percent_statements_covered_display": "0"}, "missing_lines": [473, 477, 478], "excluded_lines": [], "start_line": 471}, "SQLiteEventRepository.get_event_by_id": {"executed_lines": [482, 489, 490, 492], "summary": {"covered_lines": 4, "num_statements": 5, "percent_covered": 80.0, "percent_covered_display": "80", "missing_lines": 1, "excluded_lines": 0, "percent_statements_covered": 80.0, "percent_statements_covered_display": "80"}, "missing_lines": [491], "excluded_lines": [], "start_line": 480}, "SQLiteEventRepository.count_events": {"executed_lines": [], "summary": {"covered_lines": 0, "num_statements": 4, "percent_covered": 0.0, "percent_covered_display": "0", "missing_lines": 4, "excluded_lines": 0, "percent_statements_covered": 0.0, "percent_statements_covered_display": "0"}, "missing_lines": [507, 508, 512, 513], "excluded_lines": [], "start_line": 505}, "SQLiteEventRepository.count_events_since": {"executed_lines": [], "summary": {"covered_lines": 0, "num_statements": 5, "percent_covered": 0.0, "percent_covered_display": "0", "missing_lines": 5, "excluded_lines": 0, "percent_statements_covered": 0.0, "percent_statements_covered_display": "0"}, "missing_lines": [517, 518, 519, 524, 528], "excluded_lines": [], "start_line": 515}, "AdminRepository.__init__": {"executed_lines": [543], "summary": {"covered_lines": 1, "num_statements": 1, "percent_covered": 100.0, "percent_covered_display": "100", "missing_lines": 0, "excluded_lines": 0, "percent_statements_covered": 100.0, "percent_statements_covered_display": "100"}, "missing_lines": [], "excluded_lines": [], "start_line": 542}, "AdminRepository.get_by_username": {"executed_lines": [552, 557, 558, 561, 562], "summary": {"covered_lines": 5, "num_statements": 6, "percent_covered": 83.33333333333333, "percent_covered_display": "83", "missing_lines": 1, "excluded_lines": 0, "percent_statements_covered": 83.33333333333333, "percent_statements_covered_display": "83"}, "missing_lines": [559], "excluded_lines": [], "start_line": 545}, "AdminRepository.add_user": {"executed_lines": [], "summary": {"covered_lines": 0, "num_statements": 3, "percent_covered": 0.0, "percent_covered_display": "0", "missing_lines": 3, "excluded_lines": 0, "percent_statements_covered": 0.0, "percent_statements_covered_display": "0"}, "missing_lines": [566, 567, 572], "excluded_lines": [], "start_line": 564}, "AdminRepository.list_users": {"executed_lines": [], "summary": {"covered_lines": 0, "num_statements": 2, "percent_covered": 0.0, "percent_covered_display": "0", "missing_lines": 2, "excluded_lines": 0, "percent_statements_covered": 0.0, "percent_statements_covered_display": "0"}, "missing_lines": [576, 579], "excluded_lines": [], "start_line": 574}, "AdminRepository.delete_user": {"executed_lines": [], "summary": {"covered_lines": 0, "num_statements": 3, "percent_covered": 0.0, "percent_covered_display": "0", "missing_lines": 3, "excluded_lines": 0, "percent_statements_covered": 0.0, "percent_statements_covered_display": "0"}, "missing_lines": [591, 592, 593], "excluded_lines": [], "start_line": 589}, "AdminRepository.count": {"executed_lines": [], "summary": {"covered_lines": 0, "num_statements": 2, "percent_covered": 0.0, "percent_covered_display": "0", "missing_lines": 2, "excluded_lines": 0, "percent_statements_covered": 0.0, "percent_statements_covered_display": "0"}, "missing_lines": [597, 598], "excluded_lines": [], "start_line": 595}, "SQLiteAlertRepository.__init__": {"executed_lines": [611], "summary": {"covered_lines": 1, "num_statements": 1, "percent_covered": 100.0, "percent_covered_display": "100", "missing_lines": 0, "excluded_lines": 0, "percent_statements_covered": 100.0, "percent_statements_covered_display": "100"}, "missing_lines": [], "excluded_lines": [], "start_line": 610}, "SQLiteAlertRepository.add_alert": {"executed_lines": [], "summary": {"covered_lines": 0, "num_statements": 3, "percent_covered": 0.0, "percent_covered_display": "0", "missing_lines": 3, "excluded_lines": 0, "percent_statements_covered": 0.0, "percent_statements_covered_display": "0"}, "missing_lines": [615, 616, 621], "excluded_lines": [], "start_line": 613}, "SQLiteAlertRepository.list_alerts": {"executed_lines": [], "summary": {"covered_lines": 0, "num_statements": 4, "percent_covered": 0.0, "percent_covered_display": "0", "missing_lines": 4, "excluded_lines": 0, "percent_statements_covered": 0.0, "percent_statements_covered_display": "0"}, "missing_lines": [625, 626, 632, 638], "excluded_lines": [], "start_line": 623}, "SQLiteAlertRepository.acknowledge_alert": {"executed_lines": [], "summary": {"covered_lines": 0, "num_statements": 4, "percent_covered": 0.0, "percent_covered_display": "0", "missing_lines": 4, "excluded_lines": 0, "percent_statements_covered": 0.0, "percent_statements_covered_display": "0"}, "missing_lines": [652, 653, 657, 658], "excluded_lines": [], "start_line": 650}, "SQLiteAlertRepository.count_alerts": {"executed_lines": [], "summary": {"covered_lines": 0, "num_statements": 2, "percent_covered": 0.0, "percent_covered_display": "0", "missing_lines": 2, "excluded_lines": 0, "percent_statements_covered": 0.0, "percent_statements_covered_display": "0"}, "missing_lines": [662, 663], "excluded_lines": [], "start_line": 660}, "SQLiteAlertRepository.count_alerts_since": {"executed_lines": [], "summary": {"covered_lines": 0, "num_statements": 2, "percent_covered": 0.0, "percent_covered_display": "0", "missing_lines": 2, "excluded_lines": 0, "percent_statements_covered": 0.0, "percent_statements_covered_display": "0"}, "missing_lines": [667, 671], "excluded_lines": [], "start_line": 665}, "": {"executed_lines": [7, 9, 10, 11, 12, 14, 16, 17, 18, 25, 28, 32, 36, 43, 51, 62, 68, 78, 93, 99, 112, 122, 132, 159, 186, 198, 208, 216, 218, 219, 253, 266, 272, 292, 302, 339, 353, 369, 378, 382, 411, 462, 471, 480, 505, 515, 534, 542, 545, 564, 574, 589, 595, 605, 610, 613, 623, 650, 660, 665], "summary": {"covered_lines": 60, "num_statements": 60, "percent_covered": 100.0, "percent_covered_display": "100", "missing_lines": 0, "excluded_lines": 0, "percent_statements_covered": 100.0, "percent_statements_covered_display": "100"}, "missing_lines": [], "excluded_lines": [], "start_line": 1}}, "classes": {"InMemoryPersonRepository": {"executed_lines": [29, 30, 34, 38, 39, 40, 41, 45, 46, 47, 48, 49, 53, 58, 59, 60, 64, 65, 66, 70, 71], "summary": {"covered_lines": 21, "num_statements": 21, "percent_covered": 100.0, "percent_covered_display": "100", "missing_lines": 0, "excluded_lines": 0, "percent_statements_covered": 100.0, "percent_statements_covered_display": "100"}, "missing_lines": [], "excluded_lines": [], "start_line": 25}, "SQLitePersonRepository": {"executed_lines": [94, 95, 101, 105, 106, 107, 108, 109, 110, 114, 119, 120, 124, 129, 130, 138, 146, 147, 171, 172, 173, 175, 180, 182, 183, 184, 188, 189, 191, 195, 196, 200, 203, 204, 221, 222, 224, 228, 234, 235, 236, 237, 243], "summary": {"covered_lines": 43, "num_statements": 54, "percent_covered": 79.62962962962963, "percent_covered_display": "80", "missing_lines": 11, "excluded_lines": 0, "percent_statements_covered": 79.62962962962963, "percent_statements_covered_display": "80"}, "missing_lines": [210, 211, 225, 226, 229, 232, 238, 242, 244, 245, 246], "excluded_lines": [], "start_line": 78}, "SQLiteEmbeddingRepository": {"executed_lines": [267, 268, 274, 280, 281, 282, 283, 284, 285, 290, 294, 298, 309, 310, 312, 314, 315, 323, 324, 325, 327, 333, 334, 341, 345, 346], "summary": {"covered_lines": 26, "num_statements": 28, "percent_covered": 92.85714285714286, "percent_covered_display": "93", "missing_lines": 2, "excluded_lines": 0, "percent_statements_covered": 92.85714285714286, "percent_statements_covered_display": "93"}, "missing_lines": [286, 287], "excluded_lines": [], "start_line": 253}, "SQLiteEventRepository": {"executed_lines": [379, 380, 384, 402, 403, 426, 427, 436, 444, 445, 446, 460, 464, 468, 469, 482, 489, 490, 492], "summary": {"covered_lines": 19, "num_statements": 32, "percent_covered": 59.375, "percent_covered_display": "59", "missing_lines": 13, "excluded_lines": 0, "percent_statements_covered": 59.375, "percent_statements_covered_display": "59"}, "missing_lines": [473, 477, 478, 491, 507, 508, 512, 513, 517, 518, 519, 524, 528], "excluded_lines": [], "start_line": 369}, "AdminRepository": {"executed_lines": [543, 552, 557, 558, 561, 562], "summary": {"covered_lines": 6, "num_statements": 17, "percent_covered": 35.294117647058826, "percent_covered_display": "35", "missing_lines": 11, "excluded_lines": 0, "percent_statements_covered": 35.294117647058826, "percent_statements_covered_display": "35"}, "missing_lines": [559, 566, 567, 572, 576, 579, 591, 592, 593, 597, 598], "excluded_lines": [], "start_line": 534}, "SQLiteAlertRepository": {"executed_lines": [611], "summary": {"covered_lines": 1, "num_statements": 16, "percent_covered": 6.25, "percent_covered_display": "6", "missing_lines": 15, "excluded_lines": 0, "percent_statements_covered": 6.25, "percent_statements_covered_display": "6"}, "missing_lines": [615, 616, 621, 625, 626, 632, 638, 652, 653, 657, 658, 662, 663, 667, 671], "excluded_lines": [], "start_line": 605}, "": {"executed_lines": [7, 9, 10, 11, 12, 14, 16, 17, 18, 25, 28, 32, 36, 43, 51, 62, 68, 78, 93, 99, 112, 122, 132, 159, 186, 198, 208, 216, 218, 219, 253, 266, 272, 292, 302, 339, 353, 360, 361, 362, 369, 378, 382, 411, 462, 471, 480, 505, 515, 534, 542, 545, 564, 574, 589, 595, 605, 610, 613, 623, 650, 660, 665], "summary": {"covered_lines": 63, "num_statements": 63, "percent_covered": 100.0, "percent_covered_display": "100", "missing_lines": 0, "excluded_lines": 0, "percent_statements_covered": 100.0, "percent_statements_covered_display": "100"}, "missing_lines": [], "excluded_lines": [], "start_line": 1}}}, "app\\enroll.py": {"executed_lines": [], "summary": {"covered_lines": 0, "num_statements": 23, "percent_covered": 0.0, "percent_covered_display": "0", "missing_lines": 23, "excluded_lines": 0, "percent_statements_covered": 0.0, "percent_statements_covered_display": "0"}, "missing_lines": [18, 20, 21, 23, 24, 27, 28, 32, 35, 38, 41, 47, 49, 50, 51, 52, 54, 55, 58, 60, 61, 64, 65], "excluded_lines": [], "functions": {"_parse_args": {"executed_lines": [], "summary": {"covered_lines": 0, "num_statements": 4, "percent_covered": 0.0, "percent_covered_display": "0", "missing_lines": 4, "excluded_lines": 0, "percent_statements_covered": 0.0, "percent_statements_covered_display": "0"}, "missing_lines": [28, 32, 35, 38], "excluded_lines": [], "start_line": 27}, "enroll": {"executed_lines": [], "summary": {"covered_lines": 0, "num_statements": 7, "percent_covered": 0.0, "percent_covered_display": "0", "missing_lines": 7, "excluded_lines": 0, "percent_statements_covered": 0.0, "percent_statements_covered_display": "0"}, "missing_lines": [47, 49, 50, 51, 52, 54, 55], "excluded_lines": [], "start_line": 41}, "main": {"executed_lines": [], "summary": {"covered_lines": 0, "num_statements": 2, "percent_covered": 0.0, "percent_covered_display": "0", "missing_lines": 2, "excluded_lines": 0, "percent_statements_covered": 0.0, "percent_statements_covered_display": "0"}, "missing_lines": [60, 61], "excluded_lines": [], "start_line": 58}, "": {"executed_lines": [], "summary": {"covered_lines": 0, "num_statements": 10, "percent_covered": 0.0, "percent_covered_display": "0", "missing_lines": 10, "excluded_lines": 0, "percent_statements_covered": 0.0, "percent_statements_covered_display": "0"}, "missing_lines": [18, 20, 21, 23, 24, 27, 41, 58, 64, 65], "excluded_lines": [], "start_line": 1}}, "classes": {"": {"executed_lines": [], "summary": {"covered_lines": 0, "num_statements": 23, "percent_covered": 0.0, "percent_covered_display": "0", "missing_lines": 23, "excluded_lines": 0, "percent_statements_covered": 0.0, "percent_statements_covered_display": "0"}, "missing_lines": [18, 20, 21, 23, 24, 27, 28, 32, 35, 38, 41, 47, 49, 50, 51, 52, 54, 55, 58, 60, 61, 64, 65], "excluded_lines": [], "start_line": 1}}}, "app\\main.py": {"executed_lines": [], "summary": {"covered_lines": 0, "num_statements": 308, "percent_covered": 0.0, "percent_covered_display": "0", "missing_lines": 308, "excluded_lines": 0, "percent_statements_covered": 0.0, "percent_statements_covered_display": "0"}, "missing_lines": [12, 14, 15, 16, 17, 19, 20, 22, 23, 24, 25, 26, 27, 28, 34, 35, 36, 37, 38, 39, 42, 44, 51, 62, 63, 64, 74, 75, 81, 84, 85, 86, 87, 89, 90, 91, 92, 93, 94, 95, 96, 97, 98, 99, 101, 102, 103, 104, 105, 107, 108, 109, 111, 112, 114, 115, 117, 118, 120, 121, 123, 124, 125, 126, 127, 128, 129, 130, 131, 132, 133, 139, 142, 161, 162, 164, 165, 167, 168, 169, 170, 171, 173, 175, 178, 179, 180, 183, 184, 185, 187, 188, 189, 198, 199, 203, 204, 205, 206, 210, 211, 212, 213, 214, 215, 217, 219, 220, 222, 231, 232, 233, 238, 239, 240, 242, 243, 244, 245, 246, 247, 249, 250, 252, 253, 254, 255, 257, 259, 260, 262, 272, 275, 276, 278, 279, 280, 281, 283, 295, 297, 300, 301, 302, 304, 305, 308, 309, 311, 312, 313, 314, 315, 316, 318, 322, 323, 329, 335, 336, 337, 339, 347, 348, 355, 359, 360, 361, 362, 365, 366, 367, 370, 371, 372, 373, 374, 375, 376, 377, 380, 386, 388, 391, 400, 405, 414, 415, 417, 418, 419, 423, 424, 425, 428, 430, 431, 432, 433, 436, 438, 439, 440, 441, 442, 445, 446, 447, 448, 449, 450, 453, 454, 455, 456, 457, 458, 461, 464, 480, 481, 484, 485, 486, 488, 489, 490, 491, 492, 494, 495, 496, 497, 498, 499, 501, 502, 505, 506, 507, 508, 509, 510, 511, 512, 513, 514, 515, 517, 520, 521, 522, 523, 524, 527, 528, 531, 532, 533, 534, 540, 551, 562, 563, 564, 568, 569, 570, 571, 572, 573, 574, 575, 576, 577, 578, 579, 580, 581, 583, 584, 588, 591, 592, 593, 594, 595, 597, 598, 601, 602, 603, 604, 605, 607, 608, 609, 610, 611, 612, 613, 614, 615, 616, 617, 619, 622, 623], "excluded_lines": [], "functions": {"_ensure_directories": {"executed_lines": [], "summary": {"covered_lines": 0, "num_statements": 2, "percent_covered": 0.0, "percent_covered_display": "0", "missing_lines": 2, "excluded_lines": 0, "percent_statements_covered": 0.0, "percent_statements_covered_display": "0"}, "missing_lines": [44, 51], "excluded_lines": [], "start_line": 42}, "_StreamDiag.__init__": {"executed_lines": [], "summary": {"covered_lines": 0, "num_statements": 3, "percent_covered": 0.0, "percent_covered_display": "0", "missing_lines": 3, "excluded_lines": 0, "percent_statements_covered": 0.0, "percent_statements_covered_display": "0"}, "missing_lines": [85, 86, 87], "excluded_lines": [], "start_line": 84}, "_StreamDiag._reset": {"executed_lines": [], "summary": {"covered_lines": 0, "num_statements": 10, "percent_covered": 0.0, "percent_covered_display": "0", "missing_lines": 10, "excluded_lines": 0, "percent_statements_covered": 0.0, "percent_statements_covered_display": "0"}, "missing_lines": [90, 91, 92, 93, 94, 95, 96, 97, 98, 99], "excluded_lines": [], "start_line": 89}, "_StreamDiag.tick_cam_read": {"executed_lines": [], "summary": {"covered_lines": 0, "num_statements": 4, "percent_covered": 0.0, "percent_covered_display": "0", "missing_lines": 4, "excluded_lines": 0, "percent_statements_covered": 0.0, "percent_statements_covered_display": "0"}, "missing_lines": [102, 103, 104, 105], "excluded_lines": [], "start_line": 101}, "_StreamDiag.tick_jpeg": {"executed_lines": [], "summary": {"covered_lines": 0, "num_statements": 2, "percent_covered": 0.0, "percent_covered_display": "0", "missing_lines": 2, "excluded_lines": 0, "percent_statements_covered": 0.0, "percent_statements_covered_display": "0"}, "missing_lines": [108, 109], "excluded_lines": [], "start_line": 107}, "_StreamDiag.tick_shm_write": {"executed_lines": [], "summary": {"covered_lines": 0, "num_statements": 1, "percent_covered": 0.0, "percent_covered_display": "0", "missing_lines": 1, "excluded_lines": 0, "percent_statements_covered": 0.0, "percent_statements_covered_display": "0"}, "missing_lines": [112], "excluded_lines": [], "start_line": 111}, "_StreamDiag.tick_shm_skip": {"executed_lines": [], "summary": {"covered_lines": 0, "num_statements": 1, "percent_covered": 0.0, "percent_covered_display": "0", "missing_lines": 1, "excluded_lines": 0, "percent_statements_covered": 0.0, "percent_statements_covered_display": "0"}, "missing_lines": [115], "excluded_lines": [], "start_line": 114}, "_StreamDiag.tick_queue_drop": {"executed_lines": [], "summary": {"covered_lines": 0, "num_statements": 1, "percent_covered": 0.0, "percent_covered_display": "0", "missing_lines": 1, "excluded_lines": 0, "percent_statements_covered": 0.0, "percent_statements_covered_display": "0"}, "missing_lines": [118], "excluded_lines": [], "start_line": 117}, "_StreamDiag.tick_ml": {"executed_lines": [], "summary": {"covered_lines": 0, "num_statements": 1, "percent_covered": 0.0, "percent_covered_display": "0", "missing_lines": 1, "excluded_lines": 0, "percent_statements_covered": 0.0, "percent_statements_covered_display": "0"}, "missing_lines": [121], "excluded_lines": [], "start_line": 120}, "_StreamDiag.maybe_log": {"executed_lines": [], "summary": {"covered_lines": 0, "num_statements": 11, "percent_covered": 0.0, "percent_covered_display": "0", "missing_lines": 11, "excluded_lines": 0, "percent_statements_covered": 0.0, "percent_statements_covered_display": "0"}, "missing_lines": [124, 125, 126, 127, 128, 129, 130, 131, 132, 133, 139], "excluded_lines": [], "start_line": 123}, "_processing_loop": {"executed_lines": [], "summary": {"covered_lines": 0, "num_statements": 91, "percent_covered": 0.0, "percent_covered_display": "0", "missing_lines": 91, "excluded_lines": 0, "percent_statements_covered": 0.0, "percent_statements_covered_display": "0"}, "missing_lines": [161, 162, 164, 165, 167, 168, 169, 170, 171, 173, 175, 178, 179, 180, 183, 184, 185, 187, 188, 189, 198, 199, 203, 204, 205, 206, 210, 211, 212, 213, 214, 215, 217, 219, 220, 222, 231, 232, 233, 238, 239, 240, 242, 243, 244, 245, 246, 247, 249, 250, 252, 253, 254, 255, 257, 259, 260, 262, 272, 275, 276, 278, 279, 280, 281, 283, 295, 297, 300, 301, 302, 304, 305, 308, 309, 311, 312, 313, 314, 315, 316, 318, 322, 323, 329, 335, 336, 337, 339, 347, 348], "excluded_lines": [], "start_line": 142}, "main": {"executed_lines": [], "summary": {"covered_lines": 0, "num_statements": 141, "percent_covered": 0.0, "percent_covered_display": "0", "missing_lines": 141, "excluded_lines": 0, "percent_statements_covered": 0.0, "percent_statements_covered_display": "0"}, "missing_lines": [359, 360, 361, 362, 365, 366, 367, 370, 371, 372, 373, 374, 375, 376, 377, 380, 386, 388, 391, 400, 405, 414, 415, 417, 418, 419, 423, 424, 425, 428, 430, 431, 432, 433, 436, 438, 439, 440, 441, 442, 445, 446, 447, 448, 449, 450, 453, 454, 455, 456, 457, 458, 461, 464, 480, 481, 484, 485, 486, 488, 489, 490, 491, 492, 494, 495, 496, 497, 498, 499, 501, 502, 505, 506, 507, 508, 509, 510, 511, 512, 513, 514, 515, 517, 520, 521, 522, 523, 524, 527, 528, 531, 532, 533, 534, 540, 551, 562, 563, 564, 568, 569, 570, 571, 572, 573, 574, 575, 576, 577, 578, 579, 580, 581, 583, 584, 588, 591, 592, 593, 594, 595, 597, 598, 601, 602, 603, 604, 605, 607, 608, 609, 610, 611, 612, 613, 614, 615, 616, 617, 619], "excluded_lines": [], "start_line": 355}, "": {"executed_lines": [], "summary": {"covered_lines": 0, "num_statements": 40, "percent_covered": 0.0, "percent_covered_display": "0", "missing_lines": 40, "excluded_lines": 0, "percent_statements_covered": 0.0, "percent_statements_covered_display": "0"}, "missing_lines": [12, 14, 15, 16, 17, 19, 20, 22, 23, 24, 25, 26, 27, 28, 34, 35, 36, 37, 38, 39, 42, 62, 63, 64, 74, 75, 81, 84, 89, 101, 107, 111, 114, 117, 120, 123, 142, 355, 622, 623], "excluded_lines": [], "start_line": 1}}, "classes": {"_StreamDiag": {"executed_lines": [], "summary": {"covered_lines": 0, "num_statements": 34, "percent_covered": 0.0, "percent_covered_display": "0", "missing_lines": 34, "excluded_lines": 0, "percent_statements_covered": 0.0, "percent_statements_covered_
[...]
ent_covered_display": "100", "missing_lines": 0, "excluded_lines": 0, "percent_statements_covered": 100.0, "percent_statements_covered_display": "100"}, "missing_lines": [], "excluded_lines": [], "start_line": 16}, "create_app.local_time_filter": {"executed_lines": [42, 44, 45, 46, 47], "summary": {"covered_lines": 5, "num_statements": 8, "percent_covered": 62.5, "percent_covered_display": "62", "missing_lines": 3, "excluded_lines": 0, "percent_statements_covered": 62.5, "percent_statements_covered_display": "62"}, "missing_lines": [43, 48, 49], "excluded_lines": [], "start_line": 41}, "": {"executed_lines": [6, 8, 10, 11, 12, 13, 16], "summary": {"covered_lines": 7, "num_statements": 7, "percent_covered": 100.0, "percent_covered_display": "100", "missing_lines": 0, "excluded_lines": 0, "percent_statements_covered": 100.0, "percent_statements_covered_display": "100"}, "missing_lines": [], "excluded_lines": [], "start_line": 1}}, "classes": {"": {"executed_lines": [6, 8, 10, 11, 12, 13, 16, 18, 23, 24, 25, 27, 28, 31, 32, 34, 36, 37, 38, 40, 41, 42, 44, 45, 46, 47, 51], "summary": {"covered_lines": 27, "num_statements": 30, "percent_covered": 90.0, "percent_covered_display": "90", "missing_lines": 3, "excluded_lines": 0, "percent_statements_covered": 90.0, "percent_statements_covered_display": "90"}, "missing_lines": [43, 48, 49], "excluded_lines": [], "start_line": 1}}}, "app\\web\\auth.py": {"executed_lines": [6, 8, 9, 11, 14, 16, 17, 18, 19, 20, 22, 25, 27, 28, 29, 39, 40, 43, 45, 46, 47, 50], "summary": {"covered_lines": 22, "num_statements": 30, "percent_covered": 73.33333333333333, "percent_covered_display": "73", "missing_lines": 8, "excluded_lines": 0, "percent_statements_covered": 73.33333333333333, "percent_statements_covered_display": "73"}, "missing_lines": [31, 32, 35, 36, 38, 52, 53, 54], "excluded_lines": [], "functions": {"login_required": {"executed_lines": [16, 17, 22], "summary": {"covered_lines": 3, "num_statements": 3, "percent_covered": 100.0, "percent_covered_display": "100", "missing_lines": 0, "excluded_lines": 0, "percent_statements_covered": 100.0, "percent_statements_covered_display": "100"}, "missing_lines": [], "excluded_lines": [], "start_line": 14}, "login_required._wrapped": {"executed_lines": [18, 19, 20], "summary": {"covered_lines": 3, "num_statements": 3, "percent_covered": 100.0, "percent_covered_display": "100", "missing_lines": 0, "excluded_lines": 0, "percent_statements_covered": 100.0, "percent_statements_covered_display": "100"}, "missing_lines": [], "excluded_lines": [], "start_line": 17}, "role_required": {"executed_lines": [27, 28, 40], "summary": {"covered_lines": 3, "num_statements": 3, "percent_covered": 100.0, "percent_covered_display": "100", "missing_lines": 0, "excluded_lines": 0, "percent_statements_covered": 100.0, "percent_statements_covered_display": "100"}, "missing_lines": [], "excluded_lines": [], "start_line": 25}, "role_required.decorator": {"executed_lines": [29, 39], "summary": {"covered_lines": 2, "num_statements": 2, "percent_covered": 100.0, "percent_covered_display": "100", "missing_lines": 0, "excluded_lines": 0, "percent_statements_covered": 100.0, "percent_statements_covered_display": "100"}, "missing_lines": [], "excluded_lines": [], "start_line": 27}, "role_required.decorator._wrapped": {"executed_lines": [], "summary": {"covered_lines": 0, "num_statements": 5, "percent_covered": 0.0, "percent_covered_display": "0", "missing_lines": 5, "excluded_lines": 0, "percent_statements_covered": 0.0, "percent_statements_covered_display": "0"}, "missing_lines": [31, 32, 35, 36, 38], "excluded_lines": [], "start_line": 29}, "login_user": {"executed_lines": [45, 46, 47], "summary": {"covered_lines": 3, "num_statements": 3, "percent_covered": 100.0, "percent_covered_display": "100", "missing_lines": 0, "excluded_lines": 0, "percent_statements_covered": 100.0, "percent_statements_covered_display": "100"}, "missing_lines": [], "excluded_lines": [], "start_line": 43}, "logout_user": {"executed_lines": [], "summary": {"covered_lines": 0, "num_statements": 3, "percent_covered": 0.0, "percent_covered_display": "0", "missing_lines": 3, "excluded_lines": 0, "percent_statements_covered": 0.0, "percent_statements_covered_display": "0"}, "missing_lines": [52, 53, 54], "excluded_lines": [], "start_line": 50}, "": {"executed_lines": [6, 8, 9, 11, 14, 25, 43, 50], "summary": {"covered_lines": 8, "num_statements": 8, "percent_covered": 100.0, "percent_covered_display": "100", "missing_lines": 0, "excluded_lines": 0, "percent_statements_covered": 100.0, "percent_statements_covered_display": "100"}, "missing_lines": [], "excluded_lines": [], "start_line": 1}}, "classes": {"": {"executed_lines": [6, 8, 9, 11, 14, 16, 17, 18, 19, 20, 22, 25, 27, 28, 29, 39, 40, 43, 45, 46, 47, 50], "summary": {"covered_lines": 22, "num_statements": 30, "percent_covered": 73.33333333333333, "percent_covered_display": "73", "missing_lines": 8, "excluded_lines": 0, "percent_statements_covered": 73.33333333333333, "percent_statements_covered_display": "73"}, "missing_lines": [31, 32, 35, 36, 38, 52, 53, 54], "excluded_lines": [], "start_line": 1}}}, "app\\web\\routes.py": {"executed_lines": [6, 8, 9, 11, 23, 25, 26, 32, 33, 36, 39, 40, 41, 49, 51, 52, 54, 55, 58, 59, 61, 62, 63, 70, 73, 75, 76, 78, 79, 82, 84, 85, 89, 92, 94, 95, 96, 103, 106, 108, 114, 115, 116, 121, 122, 128, 129, 130, 131, 132, 133, 135, 136, 140, 141, 146, 147, 152, 153, 154, 215, 216, 217, 219, 221, 223, 224, 225, 226, 228, 229, 233, 234, 235, 236, 237, 238, 239, 240, 241, 243, 248, 249, 250, 333, 334, 335, 336, 337, 338, 341, 342, 343, 344, 353, 354, 355, 356, 357, 358, 360, 361, 362, 364, 374, 375, 376, 377, 378, 379, 382, 383, 384, 386, 389, 390, 391, 393, 394, 395, 398, 399, 400, 403, 406, 407, 408, 409, 410, 411, 414, 415, 416, 426, 427, 428, 479, 480, 481, 487, 488, 489, 506, 507, 508, 533, 534, 535], "summary": {"covered_lines": 148, "num_statements": 347, "percent_covered": 42.65129682997118, "percent_covered_display": "43", "missing_lines": 199, "excluded_lines": 0, "percent_statements_covered": 42.65129682997118, "percent_statements_covered_display": "43"}, "missing_lines": [56, 64, 65, 66, 67, 68, 80, 86, 87, 90, 97, 98, 99, 100, 101, 109, 110, 137, 138, 143, 148, 149, 155, 157, 158, 159, 160, 161, 162, 163, 165, 166, 168, 169, 171, 172, 173, 174, 175, 176, 177, 178, 179, 180, 182, 184, 185, 186, 187, 188, 190, 191, 192, 193, 195, 230, 231, 245, 252, 253, 254, 255, 257, 258, 259, 261, 262, 263, 264, 265, 266, 267, 269, 270, 272, 273, 274, 275, 276, 277, 278, 280, 281, 282, 283, 284, 285, 286, 287, 289, 290, 291, 292, 293, 294, 295, 297, 298, 300, 301, 303, 304, 305, 308, 309, 310, 311, 312, 313, 314, 319, 320, 321, 322, 323, 324, 326, 328, 330, 339, 359, 380, 396, 417, 418, 419, 420, 422, 423, 429, 430, 433, 434, 436, 438, 440, 441, 442, 444, 445, 446, 449, 450, 451, 452, 453, 454, 456, 457, 458, 465, 467, 469, 470, 471, 473, 474, 476, 482, 483, 484, 490, 491, 492, 493, 494, 495, 497, 498, 499, 502, 503, 509, 511, 512, 513, 514, 515, 517, 519, 520, 521, 522, 524, 525, 526, 527, 529, 530, 536, 537, 539, 540, 541, 543, 544, 545, 547, 549], "excluded_lines": [], "functions": {"_repos": {"executed_lines": [40, 41], "summary": {"covered_lines": 2, "num_statements": 2, "percent_covered": 100.0, "percent_covered_display": "100", "missing_lines": 0, "excluded_lines": 0, "percent_statements_covered": 100.0, "percent_statements_covered_display": "100"}, "missing_lines": [], "excluded_lines": [], "start_line": 39}, "_resolve_snapshot_db_path": {"executed_lines": [51, 52, 54, 55, 58, 59, 61, 62, 63, 70], "summary": {"covered_lines": 10, "num_statements": 16, "percent_covered": 62.5, "percent_covered_display": "62", "missing_lines": 6, "excluded_lines": 0, "percent_statements_covered": 62.5, "percent_statements_covered_display": "62"}, "missing_lines": [56, 64, 65, 66, 67, 68], "excluded_lines": [], "start_line": 49}, "_resolve_clip_db_path": {"executed_lines": [75, 76, 78, 79, 82, 84, 85, 89, 92, 94, 95, 96, 103], "summary": {"covered_lines": 13, "num_statements": 22, "percent_covered": 59.09090909090909, "percent_covered_display": "59", "missing_lines": 9, "excluded_lines": 0, "percent_statements_covered": 59.09090909090909, "percent_statements_covered_display": "59"}, "missing_lines": [80, 86, 87, 90, 97, 98, 99, 100, 101], "excluded_lines": [], "start_line": 73}, "_decorate_event_for_display": {"executed_lines": [108, 114, 115, 116, 121, 122], "summary": {"covered_lines": 6, "num_statements": 8, "percent_covered": 75.0, "percent_covered_display": "75", "missing_lines": 2, "excluded_lines": 0, "percent_statements_covered": 75.0, "percent_statements_covered_display": "75"}, "missing_lines": [109, 110], "excluded_lines": [], "start_line": 106}, "login": {"executed_lines": [130, 131, 132, 133, 135, 136, 140, 141], "summary": {"covered_lines": 8, "num_statements": 11, "percent_covered": 72.72727272727273, "percent_covered_display": "73", "missing_lines": 3, "excluded_lines": 0, "percent_statements_covered": 72.72727272727273, "percent_statements_covered_display": "73"}, "missing_lines": [137, 138, 143], "excluded_lines": [], "start_line": 129}, "logout": {"executed_lines": [], "summary": {"covered_lines": 0, "num_statements": 2, "percent_covered": 0.0, "percent_covered_display": "0", "missing_lines": 2, "excluded_lines": 0, "percent_statements_covered": 0.0, "percent_statements_covered_display": "0"}, "missing_lines": [148, 149], "excluded_lines": [], "start_line": 147}, "dashboard": {"executed_lines": [], "summary": {"covered_lines": 0, "num_statements": 33, "percent_covered": 0.0, "percent_covered_display": "0", "missing_lines": 33, "excluded_lines": 0, "percent_statements_covered": 0.0, "percent_statements_covered_display": "0"}, "missing_lines": [155, 157, 158, 159, 160, 161, 162, 163, 165, 166, 168, 169, 171, 172, 173, 174, 175, 176, 177, 178, 179, 180, 182, 184, 185, 186, 187, 188, 190, 191, 192, 193, 195], "excluded_lines": [], "start_line": 154}, "live_frame": {"executed_lines": [219, 221, 223, 224, 225, 226, 228, 229, 233, 234, 235, 236, 237, 238, 239, 240, 241, 243], "summary": {"covered_lines": 18, "num_statements": 21, "percent_covered": 85.71428571428571, "percent_covered_display": "86", "missing_lines": 3, "excluded_lines": 0, "percent_statements_covered": 85.71428571428571, "percent_statements_covered_display": "86"}, "missing_lines": [230, 231, 245], "excluded_lines": [], "start_line": 217}, "live_stream": {"executed_lines": [], "summary": {"covered_lines": 0, "num_statements": 9, "percent_covered": 0.0, "percent_covered_display": "0", "missing_lines": 9, "excluded_lines": 0, "percent_statements_covered": 0.0, "percent_statements_covered_display": "0"}, "missing_lines": [252, 253, 254, 255, 257, 258, 259, 261, 330], "excluded_lines": [], "start_line": 250}, "live_stream.generate": {"executed_lines": [], "summary": {"covered_lines": 0, "num_statements": 52, "percent_covered": 0.0, "percent_covered_display": "0", "missing_lines": 52, "excluded_lines": 0, "percent_statements_covered": 0.0, "percent_statements_covered_display": "0"}, "missing_lines": [262, 263, 264, 265, 266, 267, 269, 270, 272, 273, 274, 275, 276, 277, 278, 280, 281, 282, 283, 284, 285, 286, 287, 289, 290, 291, 292, 293, 294, 295, 297, 298, 300, 301, 303, 304, 305, 308, 309, 310, 311, 312, 313, 314, 319, 320, 321, 322, 323, 324, 326, 328], "excluded_lines": [], "start_line": 261}, "events": {"executed_lines": [336, 337, 338, 341, 342, 343, 344], "summary": {"covered_lines": 7, "num_statements": 8, "percent_covered": 87.5, "percent_covered_display": "88", "missing_lines": 1, "excluded_lines": 0, "percent_statements_covered": 87.5, "percent_statements_covered_display": "88"}, "missing_lines": [339], "excluded_lines": [], "start_line": 335}, "event_detail": {"executed_lines": [356, 357, 358, 360, 361, 362, 364], "summary": {"covered_lines": 7, "num_statements": 8, "percent_covered": 87.5, "percent_covered_display": "88", "missing_lines": 1, "excluded_lines": 0, "percent_statements_covered": 87.5, "percent_statements_covered_display": "88"}, "missing_lines": [359], "excluded_lines": [], "start_line": 355}, "event_snapshot": {"executed_lines": [377, 378, 379, 382, 383, 384, 386], "summary": {"covered_lines": 7, "num_statements": 8, "percent_covered": 87.5, "percent_covered_display": "88", "missing_lines": 1, "excluded_lines": 0, "percent_statements_covered": 87.5, "percent_statements_covered_display": "88"}, "missing_lines": [380], "excluded_lines": [], "start_line": 376}, "event_clip": {"executed_lines": [393, 394, 395, 398, 399, 400, 403], "summary": {"covered_lines": 7, "num_statements": 8, "percent_covered": 87.5, "percent_covered_display": "88", "missing_lines": 1, "excluded_lines": 0, "percent_statements_covered": 87.5, "percent_statements_covered_display": "88"}, "missing_lines": [396], "excluded_lines": [], "start_line": 391}, "persons": {"executed_lines": [409, 410, 411], "summary": {"covered_lines": 3, "num_statements": 3, "percent_covered": 100.0, "percent_covered_display": "100", "missing_lines": 0, "excluded_lines": 0, "percent_statements_covered": 100.0, "percent_statements_covered_display": "100"}, "missing_lines": [], "excluded_lines": [], "start_line": 408}, "delete_person": {"executed_lines": [], "summary": {"covered_lines": 0, "num_statements": 6, "percent_covered": 0.0, "percent_covered_display": "0", "missing_lines": 6, "excluded_lines": 0, "percent_statements_covered": 0.0, "percent_statements_covered_display": "0"}, "missing_lines": [417, 418, 419, 420, 422, 423], "excluded_lines": [], "start_line": 416}, "enroll": {"executed_lines": [], "summary": {"covered_lines": 0, "num_statements": 29, "percent_covered": 0.0, "percent_covered_display": "0", "missing_lines": 29, "excluded_lines": 0, "percent_statements_covered": 0.0, "percent_statements_covered_display": "0"}, "missing_lines": [429, 430, 433, 434, 436, 438, 440, 441, 442, 444, 445, 446, 449, 450, 451, 452, 453, 454, 456, 457, 458, 465, 467, 469, 470, 471, 473, 474, 476], "excluded_lines": [], "start_line": 428}, "alerts": {"executed_lines": [], "summary": {"covered_lines": 0, "num_statements": 3, "percent_covered": 0.0, "percent_covered_display": "0", "missing_lines": 3, "excluded_lines": 0, "percent_statements_covered": 0.0, "percent_statements_covered_display": "0"}, "missing_lines": [482, 483, 484], "excluded_lines": [], "start_line": 481}, "acknowledge_alert": {"executed_lines": [], "summary": {"covered_lines": 0, "num_statements": 11, "percent_covered": 0.0, "percent_covered_display": "0", "missing_lines": 11, "excluded_lines": 0, "percent_statements_covered": 0.0, "percent_statements_covered_display": "0"}, "missing_lines": [490, 491, 492, 493, 494, 495, 497, 498, 499, 502, 503], "excluded_lines": [], "start_line": 489}, "user_management": {"executed_lines": [], "summary": {"covered_lines": 0, "num_statements": 17, "percent_covered": 0.0, "percent_covered_display": "0", "missing_lines": 17, "excluded_lines": 0, "percent_statements_covered": 0.0, "percent_statements_covered_display": "0"}, "missing_lines": [509, 511, 512, 513, 514, 515, 517, 519, 520, 521, 522, 524, 525, 526, 527, 529, 530], "excluded_lines": [], "start_line": 508}, "delete_user": {"executed_lines": [], "summary": {"covered_lines": 0, "num_statements": 10, "percent_covered": 0.0, "percent_covered_display": "0", "missing_lines": 10, "excluded_lines": 0, "percent_statements_covered": 0.0, "percent_statements_covered_display": "0"}, "missing_lines": [536, 537, 539, 540, 541, 543, 544, 545, 547, 549], "excluded_lines": [], "start_line": 535}, "": {"executed_lines": [6, 8, 9, 11, 23, 25, 26, 32, 33, 36, 39, 49, 73, 106, 128, 129, 146, 147, 152, 153, 154, 215, 216, 217, 248, 249, 250, 333, 334, 335, 353, 354, 355, 374, 375, 376, 389, 390, 391, 406, 407, 408, 414, 415, 416, 426, 427, 428, 479, 480, 481, 487, 488, 489, 506, 507, 508, 533, 534, 535], "summary": {"covered_lines": 60, "num_statements": 60, "percent_covered": 100.0, "percent_covered_display": "100", "missing_lines": 0, "excluded_lines": 0, "percent_statements_covered": 100.0, "percent_statements_covered_display": "100"}, "missing_lines": [], "excluded_lines": [], "start_line": 1}}, "classes": {"": {"executed_lines": [6, 8, 9, 11, 23, 25, 26, 32, 33, 36, 39, 40, 41, 49, 51, 52, 54, 55, 58, 59, 61, 62, 63, 70, 73, 75, 76, 78, 79, 82, 84, 85, 89, 92, 94, 95, 96, 103, 106, 108, 114, 115, 116, 121, 122, 128, 129, 130, 131, 132, 133, 135, 136, 140, 141, 146, 147, 152, 153, 154, 215, 216, 217, 219, 221, 223, 224, 225, 226, 228, 229, 233, 234, 235, 236, 237, 238, 239, 240, 241, 243, 248, 249, 250, 333, 334, 335, 336, 337, 338, 341, 342, 343, 344, 353, 354, 355, 356, 357, 358, 360, 361, 362, 364, 374, 375, 376, 377, 378, 379, 382, 383, 384, 386, 389, 390, 391, 393, 394, 395, 398, 399, 400, 403, 406, 407, 408, 409, 410, 411, 414, 415, 416, 426, 427, 428, 479, 480, 481, 487, 488, 489, 506, 507, 508, 533, 534, 535], "summary": {"covered_lines": 148, "num_statements": 347, "percent_covered": 42.65129682997118, "percent_covered_display": "43", "missing_lines": 199, "excluded_lines": 0, "percent_statements_covered": 42.65129682997118, "percent_statements_covered_display": "43"}, "missing_lines": [56, 64, 65, 66, 67, 68, 80, 86, 87, 90, 97, 98, 99, 100, 101, 109, 110, 137, 138, 143, 148, 149, 155, 157, 158, 159, 160, 161, 162, 163, 165, 166, 168, 169, 171, 172, 173, 174, 175, 176, 177, 178, 179, 180, 182, 184, 185, 186, 187, 188, 190, 191, 192, 193, 195, 230, 231, 245, 252, 253, 254, 255, 257, 258, 259, 261, 262, 263, 264, 265, 266, 267, 269, 270, 272, 273, 274, 275, 276, 277, 278, 280, 281, 282, 283, 284, 285, 286, 287, 289, 290, 291, 292, 293, 294, 295, 297, 298, 300, 301, 303, 304, 305, 308, 309, 310, 311, 312, 313, 314, 319, 320, 321, 322, 323, 324, 326, 328, 330, 339, 359, 380, 396, 417, 418, 419, 420, 422, 423, 429, 430, 433, 434, 436, 438, 440, 441, 442, 444, 445, 446, 449, 450, 451, 452, 453, 454, 456, 457, 458, 465, 467, 469, 470, 471, 473, 474, 476, 482, 483, 484, 490, 491, 492, 493, 494, 495, 497, 498, 499, 502, 503, 509, 511, 512, 513, 514, 515, 517, 519, 520, 521, 522, 524, 525, 526, 527, 529, 530, 536, 537, 539, 540, 541, 543, 544, 545, 547, 549], "excluded_lines": [], "start_line": 1}}}, "app\\web_run.py": {"executed_lines": [], "summary": {"covered_lines": 0, "num_statements": 12, "percent_covered": 0.0, "percent_covered_display": "0", "missing_lines": 12, "excluded_lines": 0, "percent_statements_covered": 0.0, "percent_statements_covered_display": "0"}, "missing_lines": [3, 5, 6, 7, 10, 11, 12, 14, 15, 16, 19, 20], "excluded_lines": [], "functions": {"main": {"executed_lines": [], "summary": {"covered_lines": 0, "num_statements": 5, "percent_covered": 0.0, "percent_covered_display": "0", "missing_lines": 5, "excluded_lines": 0, "percent_statements_covered": 0.0, "percent_statements_covered_display": "0"}, "missing_lines": [11, 12, 14, 15, 16], "excluded_lines": [], "start_line": 10}, "": {"executed_lines": [], "summary": {"covered_lines": 0, "num_statements": 7, "percent_covered": 0.0, "percent_covered_display": "0", "missing_lines": 7, "excluded_lines": 0, "percent_statements_covered": 0.0, "percent_statements_covered_display": "0"}, "missing_lines": [3, 5, 6, 7, 10, 19, 20], "excluded_lines": [], "start_line": 1}}, "classes": {"": {"executed_lines": [], "summary": {"covered_lines": 0, "num_statements": 12, "percent_covered": 0.0, "percent_covered_display": "0", "missing_lines": 12, "excluded_lines": 0, "percent_statements_covered": 0.0, "percent_statements_covered_display": "0"}, "missing_lines": [3, 5, 6, 7, 10, 11, 12, 14, 15, 16, 19, 20], "excluded_lines": [], "start_line": 1}}}}, "totals": {"covered_lines": 1455, "num_statements": 2404, "percent_covered": 60.524126455906824, "percent_covered_display": "61", "missing_lines": 949, "excluded_lines": 1, "percent_statements_covered": 60.524126455906824, "percent_statements_covered_display": "61"}}